[0.019s] Invoking command in '/home/dev/dev_ws/build/bot_world': AMENT_PREFIX_PATH=/home/dev/dev_ws/install/bot_description:${AMENT_PREFIX_PATH} CMAKE_PREFIX_PATH=/home/dev/dev_ws/install/bot_description:/home/dev/final_trial/install/my_robot_bringup:/home/dev/final_trial/install/my_robot_description:/opt/ros/humble /usr/bin/cmake /home/dev/dev_ws/src/bot_world -DCMAKE_INSTALL_PREFIX=/home/dev/dev_ws/install/bot_world
[0.143s] -- The C compiler identification is GNU 11.4.0
[0.219s] -- The CXX compiler identification is GNU 11.4.0
[0.236s] -- Detecting C compiler ABI info
[0.373s] -- Detecting C compiler ABI info - done
[0.391s] -- Check for working C compiler: /usr/bin/cc - skipped
[0.392s] -- Detecting C compile features
[0.393s] -- Detecting C compile features - done
[0.403s] -- Detecting CXX compiler ABI info
[0.581s] -- Detecting CXX compiler ABI info - done
[0.588s] -- Check for working CXX compiler: /usr/bin/c++ - skipped
[0.588s] -- Detecting CXX compile features
[0.588s] -- Detecting CXX compile features - done
[0.591s] -- Found ament_cmake: 1.3.9 (/opt/ros/humble/share/ament_cmake/cmake)
[0.848s] -- Found Python3: /usr/bin/python3 (found version "3.10.12") found components: Interpreter 
[1.074s] -- Configuring done
[1.077s] -- Generating done
[1.077s] -- Build files have been written to: /home/dev/dev_ws/build/bot_world
[1.082s] Invoked command in '/home/dev/dev_ws/build/bot_world' returned '0': AMENT_PREFIX_PATH=/home/dev/dev_ws/install/bot_description:${AMENT_PREFIX_PATH} CMAKE_PREFIX_PATH=/home/dev/dev_ws/install/bot_description:/home/dev/final_trial/install/my_robot_bringup:/home/dev/final_trial/install/my_robot_description:/opt/ros/humble /usr/bin/cmake /home/dev/dev_ws/src/bot_world -DCMAKE_INSTALL_PREFIX=/home/dev/dev_ws/install/bot_world
[1.085s] Invoking command in '/home/dev/dev_ws/build/bot_world': AMENT_PREFIX_PATH=/home/dev/dev_ws/install/bot_description:${AMENT_PREFIX_PATH} CMAKE_PREFIX_PATH=/home/dev/dev_ws/install/bot_description:/home/dev/final_trial/install/my_robot_bringup:/home/dev/final_trial/install/my_robot_description:/opt/ros/humble /usr/bin/cmake --build /home/dev/dev_ws/build/bot_world -- -j12 -l12
[1.148s] Invoked command in '/home/dev/dev_ws/build/bot_world' returned '0': AMENT_PREFIX_PATH=/home/dev/dev_ws/install/bot_description:${AMENT_PREFIX_PATH} CMAKE_PREFIX_PATH=/home/dev/dev_ws/install/bot_description:/home/dev/final_trial/install/my_robot_bringup:/home/dev/final_trial/install/my_robot_description:/opt/ros/humble /usr/bin/cmake --build /home/dev/dev_ws/build/bot_world -- -j12 -l12
[1.188s] Invoking command in '/home/dev/dev_ws/build/bot_world': AMENT_PREFIX_PATH=/home/dev/dev_ws/install/bot_description:${AMENT_PREFIX_PATH} CMAKE_PREFIX_PATH=/home/dev/dev_ws/install/bot_description:/home/dev/final_trial/install/my_robot_bringup:/home/dev/final_trial/install/my_robot_description:/opt/ros/humble /usr/bin/cmake --install /home/dev/dev_ws/build/bot_world
[1.196s] -- Install configuration: ""
[1.196s] -- Installing: /home/dev/dev_ws/install/bot_world/share/bot_world//launch
[1.196s] -- Installing: /home/dev/dev_ws/install/bot_world/share/bot_world//launch/my_robot_gazebo.launch.xml
[1.197s] -- Installing: /home/dev/dev_ws/install/bot_world/share/bot_world//rviz
[1.197s] -- Installing: /home/dev/dev_ws/install/bot_world/share/bot_world//rviz/urdf_config.rviz
[1.197s] -- Installing: /home/dev/dev_ws/install/bot_world/share/bot_world//worlds
[1.197s] -- Installing: /home/dev/dev_ws/install/bot_world/share/bot_world//worlds/test_world.world
[1.197s] -- Installing: /home/dev/dev_ws/install/bot_world/share/ament_index/resource_index/package_run_dependencies/bot_world
[1.197s] -- Installing: /home/dev/dev_ws/install/bot_world/share/ament_index/resource_index/parent_prefix_path/bot_world
[1.197s] -- Installing: /home/dev/dev_ws/install/bot_world/share/bot_world/environment/ament_prefix_path.sh
[1.198s] -- Installing: /home/dev/dev_ws/install/bot_world/share/bot_world/environment/ament_prefix_path.dsv
[1.198s] -- Installing: /home/dev/dev_ws/install/bot_world/share/bot_world/environment/path.sh
[1.198s] -- Installing: /home/dev/dev_ws/install/bot_world/share/bot_world/environment/path.dsv
[1.198s] -- Installing: /home/dev/dev_ws/install/bot_world/share/bot_world/local_setup.bash
[1.198s] -- Installing: /home/dev/dev_ws/install/bot_world/share/bot_world/local_setup.sh
[1.198s] -- Installing: /home/dev/dev_ws/install/bot_world/share/bot_world/local_setup.zsh
[1.198s] -- Installing: /home/dev/dev_ws/install/bot_world/share/bot_world/local_setup.dsv
[1.198s] -- Installing: /home/dev/dev_ws/install/bot_world/share/bot_world/package.dsv
[1.199s] -- Installing: /home/dev/dev_ws/install/bot_world/share/ament_index/resource_index/packages/bot_world
[1.199s] -- Installing: /home/dev/dev_ws/install/bot_world/share/bot_world/cmake/bot_worldConfig.cmake
[1.199s] -- Installing: /home/dev/dev_ws/install/bot_world/share/bot_world/cmake/bot_worldConfig-version.cmake
[1.199s] -- Installing: /home/dev/dev_ws/install/bot_world/share/bot_world/package.xml
[1.201s] Invoked command in '/home/dev/dev_ws/build/bot_world' returned '0': AMENT_PREFIX_PATH=/home/dev/dev_ws/install/bot_description:${AMENT_PREFIX_PATH} CMAKE_PREFIX_PATH=/home/dev/dev_ws/install/bot_description:/home/dev/final_trial/install/my_robot_bringup:/home/dev/final_trial/install/my_robot_description:/opt/ros/humble /usr/bin/cmake --install /home/dev/dev_ws/build/bot_world
