[0.009s] Invoking command in '/home/dev/final_trial/build/my_robot_bringup': AMENT_PREFIX_PATH=/home/dev/final_trial/install/my_robot_description:${AMENT_PREFIX_PATH} CMAKE_PREFIX_PATH=/home/dev/final_trial/install/my_robot_description:/opt/ros/humble /usr/bin/cmake --build /home/dev/final_trial/build/my_robot_bringup -- -j12 -l12
[0.058s] Invoked command in '/home/dev/final_trial/build/my_robot_bringup' returned '0': AMENT_PREFIX_PATH=/home/dev/final_trial/install/my_robot_description:${AMENT_PREFIX_PATH} CMAKE_PREFIX_PATH=/home/dev/final_trial/install/my_robot_description:/opt/ros/humble /usr/bin/cmake --build /home/dev/final_trial/build/my_robot_bringup -- -j12 -l12
[0.092s] Invoking command in '/home/dev/final_trial/build/my_robot_bringup': AMENT_PREFIX_PATH=/home/dev/final_trial/install/my_robot_description:${AMENT_PREFIX_PATH} CMAKE_PREFIX_PATH=/home/dev/final_trial/install/my_robot_description:/opt/ros/humble /usr/bin/cmake --install /home/dev/final_trial/build/my_robot_bringup
[0.101s] -- Install configuration: ""
[0.101s] -- Up-to-date: /home/dev/final_trial/install/my_robot_bringup/share/my_robot_bringup//launch
[0.102s] -- Up-to-date: /home/dev/final_trial/install/my_robot_bringup/share/my_robot_bringup//launch/my_robot_gazebo.launch.xml
[0.102s] -- Up-to-date: /home/dev/final_trial/install/my_robot_bringup/share/my_robot_bringup//rviz
[0.102s] -- Up-to-date: /home/dev/final_trial/install/my_robot_bringup/share/my_robot_bringup//rviz/urdf_config.rviz
[0.102s] -- Up-to-date: /home/dev/final_trial/install/my_robot_bringup/share/my_robot_bringup//worlds
[0.102s] -- Installing: /home/dev/final_trial/install/my_robot_bringup/share/my_robot_bringup//worlds/test_world.world
[0.103s] -- Up-to-date: /home/dev/final_trial/install/my_robot_bringup/share/ament_index/resource_index/package_run_dependencies/my_robot_bringup
[0.103s] -- Up-to-date: /home/dev/final_trial/install/my_robot_bringup/share/ament_index/resource_index/parent_prefix_path/my_robot_bringup
[0.103s] -- Up-to-date: /home/dev/final_trial/install/my_robot_bringup/share/my_robot_bringup/environment/ament_prefix_path.sh
[0.103s] -- Up-to-date: /home/dev/final_trial/install/my_robot_bringup/share/my_robot_bringup/environment/ament_prefix_path.dsv
[0.103s] -- Up-to-date: /home/dev/final_trial/install/my_robot_bringup/share/my_robot_bringup/environment/path.sh
[0.103s] -- Up-to-date: /home/dev/final_trial/install/my_robot_bringup/share/my_robot_bringup/environment/path.dsv
[0.103s] -- Up-to-date: /home/dev/final_trial/install/my_robot_bringup/share/my_robot_bringup/local_setup.bash
[0.103s] -- Up-to-date: /home/dev/final_trial/install/my_robot_bringup/share/my_robot_bringup/local_setup.sh
[0.103s] -- Up-to-date: /home/dev/final_trial/install/my_robot_bringup/share/my_robot_bringup/local_setup.zsh
[0.103s] -- Up-to-date: /home/dev/final_trial/install/my_robot_bringup/share/my_robot_bringup/local_setup.dsv
[0.103s] -- Installing: /home/dev/final_trial/install/my_robot_bringup/share/my_robot_bringup/package.dsv
[0.104s] -- Up-to-date: /home/dev/final_trial/install/my_robot_bringup/share/ament_index/resource_index/packages/my_robot_bringup
[0.104s] -- Up-to-date: /home/dev/final_trial/install/my_robot_bringup/share/my_robot_bringup/cmake/my_robot_bringupConfig.cmake
[0.104s] -- Up-to-date: /home/dev/final_trial/install/my_robot_bringup/share/my_robot_bringup/cmake/my_robot_bringupConfig-version.cmake
[0.104s] -- Up-to-date: /home/dev/final_trial/install/my_robot_bringup/share/my_robot_bringup/package.xml
[0.106s] Invoked command in '/home/dev/final_trial/build/my_robot_bringup' returned '0': AMENT_PREFIX_PATH=/home/dev/final_trial/install/my_robot_description:${AMENT_PREFIX_PATH} CMAKE_PREFIX_PATH=/home/dev/final_trial/install/my_robot_description:/opt/ros/humble /usr/bin/cmake --install /home/dev/final_trial/build/my_robot_bringup
