[0.010s] Invoking command in '/home/dev/final_trial/build/my_robot_bringup': CMAKE_PREFIX_PATH=/home/dev/final_trial/install/my_robot_description:/home/dev/final_trial/install/my_robot_bringup:/home/dev/trial_ws/install/bot_desription:/opt/ros/humble /usr/bin/cmake --build /home/dev/final_trial/build/my_robot_bringup -- -j12 -l12
[0.054s] Invoked command in '/home/dev/final_trial/build/my_robot_bringup' returned '0': CMAKE_PREFIX_PATH=/home/dev/final_trial/install/my_robot_description:/home/dev/final_trial/install/my_robot_bringup:/home/dev/trial_ws/install/bot_desription:/opt/ros/humble /usr/bin/cmake --build /home/dev/final_trial/build/my_robot_bringup -- -j12 -l12
[0.081s] Invoking command in '/home/dev/final_trial/build/my_robot_bringup': CMAKE_PREFIX_PATH=/home/dev/final_trial/install/my_robot_description:/home/dev/final_trial/install/my_robot_bringup:/home/dev/trial_ws/install/bot_desription:/opt/ros/humble /usr/bin/cmake --install /home/dev/final_trial/build/my_robot_bringup
[0.090s] -- Install configuration: ""
[0.091s] -- Up-to-date: /home/dev/final_trial/install/my_robot_bringup/share/my_robot_bringup//launch
[0.091s] -- Installing: /home/dev/final_trial/install/my_robot_bringup/share/my_robot_bringup//launch/my_robot_gazebo.launch.xml
[0.091s] -- Up-to-date: /home/dev/final_trial/install/my_robot_bringup/share/my_robot_bringup//rviz
[0.091s] -- Up-to-date: /home/dev/final_trial/install/my_robot_bringup/share/my_robot_bringup//rviz/urdf_config.rviz
[0.091s] -- Up-to-date: /home/dev/final_trial/install/my_robot_bringup/share/my_robot_bringup//worlds
[0.091s] -- Up-to-date: /home/dev/final_trial/install/my_robot_bringup/share/my_robot_bringup//worlds/test_world.world
[0.092s] -- Up-to-date: /home/dev/final_trial/install/my_robot_bringup/share/ament_index/resource_index/package_run_dependencies/my_robot_bringup
[0.092s] -- Up-to-date: /home/dev/final_trial/install/my_robot_bringup/share/ament_index/resource_index/parent_prefix_path/my_robot_bringup
[0.092s] -- Up-to-date: /home/dev/final_trial/install/my_robot_bringup/share/my_robot_bringup/environment/ament_prefix_path.sh
[0.092s] -- Up-to-date: /home/dev/final_trial/install/my_robot_bringup/share/my_robot_bringup/environment/ament_prefix_path.dsv
[0.092s] -- Up-to-date: /home/dev/final_trial/install/my_robot_bringup/share/my_robot_bringup/environment/path.sh
[0.092s] -- Up-to-date: /home/dev/final_trial/install/my_robot_bringup/share/my_robot_bringup/environment/path.dsv
[0.092s] -- Up-to-date: /home/dev/final_trial/install/my_robot_bringup/share/my_robot_bringup/local_setup.bash
[0.093s] -- Up-to-date: /home/dev/final_trial/install/my_robot_bringup/share/my_robot_bringup/local_setup.sh
[0.093s] -- Up-to-date: /home/dev/final_trial/install/my_robot_bringup/share/my_robot_bringup/local_setup.zsh
[0.093s] -- Up-to-date: /home/dev/final_trial/install/my_robot_bringup/share/my_robot_bringup/local_setup.dsv
[0.093s] -- Installing: /home/dev/final_trial/install/my_robot_bringup/share/my_robot_bringup/package.dsv
[0.094s] -- Up-to-date: /home/dev/final_trial/install/my_robot_bringup/share/ament_index/resource_index/packages/my_robot_bringup
[0.094s] -- Up-to-date: /home/dev/final_trial/install/my_robot_bringup/share/my_robot_bringup/cmake/my_robot_bringupConfig.cmake
[0.094s] -- Up-to-date: /home/dev/final_trial/install/my_robot_bringup/share/my_robot_bringup/cmake/my_robot_bringupConfig-version.cmake
[0.094s] -- Up-to-date: /home/dev/final_trial/install/my_robot_bringup/share/my_robot_bringup/package.xml
[0.095s] Invoked command in '/home/dev/final_trial/build/my_robot_bringup' returned '0': CMAKE_PREFIX_PATH=/home/dev/final_trial/install/my_robot_description:/home/dev/final_trial/install/my_robot_bringup:/home/dev/trial_ws/install/bot_desription:/opt/ros/humble /usr/bin/cmake --install /home/dev/final_trial/build/my_robot_bringup
