[0.019s] Invoking command in '/home/dev/dev_ws/build/bot_world': CMAKE_PREFIX_PATH=/home/dev/dev_ws/install/bot_description:/home/dev/dev_ws/install/my_robot_bringup:/home/dev/dev_ws/install/my_robot_description:/home/dev/dev_ws/install/bot_world:/home/dev/final_trial/install/my_robot_bringup:/home/dev/final_trial/install/my_robot_description:/opt/ros/humble /usr/bin/cmake --build /home/dev/dev_ws/build/bot_world -- -j12 -l12
[0.053s] -- Found ament_cmake: 1.3.9 (/opt/ros/humble/share/ament_cmake/cmake)
[0.267s] -- Configuring done
[0.271s] -- Generating done
[0.272s] -- Build files have been written to: /home/dev/dev_ws/build/bot_world
[0.300s] Invoked command in '/home/dev/dev_ws/build/bot_world' returned '0': CMAKE_PREFIX_PATH=/home/dev/dev_ws/install/bot_description:/home/dev/dev_ws/install/my_robot_bringup:/home/dev/dev_ws/install/my_robot_description:/home/dev/dev_ws/install/bot_world:/home/dev/final_trial/install/my_robot_bringup:/home/dev/final_trial/install/my_robot_description:/opt/ros/humble /usr/bin/cmake --build /home/dev/dev_ws/build/bot_world -- -j12 -l12
[0.337s] Invoking command in '/home/dev/dev_ws/build/bot_world': CMAKE_PREFIX_PATH=/home/dev/dev_ws/install/bot_description:/home/dev/dev_ws/install/my_robot_bringup:/home/dev/dev_ws/install/my_robot_description:/home/dev/dev_ws/install/bot_world:/home/dev/final_trial/install/my_robot_bringup:/home/dev/final_trial/install/my_robot_description:/opt/ros/humble /usr/bin/cmake --install /home/dev/dev_ws/build/bot_world
[0.345s] -- Install configuration: ""
[0.345s] -- Up-to-date: /home/dev/dev_ws/install/bot_world/share/bot_world//launch
[0.345s] -- Installing: /home/dev/dev_ws/install/bot_world/share/bot_world//launch/my_robot_gazebo.launch.xml
[0.346s] -- Up-to-date: /home/dev/dev_ws/install/bot_world/share/bot_world//rviz
[0.346s] -- Up-to-date: /home/dev/dev_ws/install/bot_world/share/bot_world//rviz/urdf_config.rviz
[0.346s] -- Up-to-date: /home/dev/dev_ws/install/bot_world/share/bot_world//worlds
[0.346s] -- Up-to-date: /home/dev/dev_ws/install/bot_world/share/bot_world//worlds/test_world.world
[0.346s] -- Up-to-date: /home/dev/dev_ws/install/bot_world/share/ament_index/resource_index/package_run_dependencies/bot_world
[0.346s] -- Installing: /home/dev/dev_ws/install/bot_world/share/ament_index/resource_index/parent_prefix_path/bot_world
[0.346s] -- Up-to-date: /home/dev/dev_ws/install/bot_world/share/bot_world/environment/ament_prefix_path.sh
[0.346s] -- Installing: /home/dev/dev_ws/install/bot_world/share/bot_world/environment/ament_prefix_path.dsv
[0.346s] -- Up-to-date: /home/dev/dev_ws/install/bot_world/share/bot_world/environment/path.sh
[0.346s] -- Installing: /home/dev/dev_ws/install/bot_world/share/bot_world/environment/path.dsv
[0.346s] -- Up-to-date: /home/dev/dev_ws/install/bot_world/share/bot_world/local_setup.bash
[0.346s] -- Up-to-date: /home/dev/dev_ws/install/bot_world/share/bot_world/local_setup.sh
[0.346s] -- Up-to-date: /home/dev/dev_ws/install/bot_world/share/bot_world/local_setup.zsh
[0.347s] -- Installing: /home/dev/dev_ws/install/bot_world/share/bot_world/local_setup.dsv
[0.347s] -- Installing: /home/dev/dev_ws/install/bot_world/share/bot_world/package.dsv
[0.347s] -- Up-to-date: /home/dev/dev_ws/install/bot_world/share/ament_index/resource_index/packages/bot_world
[0.347s] -- Up-to-date: /home/dev/dev_ws/install/bot_world/share/bot_world/cmake/bot_worldConfig.cmake
[0.347s] -- Up-to-date: /home/dev/dev_ws/install/bot_world/share/bot_world/cmake/bot_worldConfig-version.cmake
[0.347s] -- Installing: /home/dev/dev_ws/install/bot_world/share/bot_world/package.xml
[0.349s] Invoked command in '/home/dev/dev_ws/build/bot_world' returned '0': CMAKE_PREFIX_PATH=/home/dev/dev_ws/install/bot_description:/home/dev/dev_ws/install/my_robot_bringup:/home/dev/dev_ws/install/my_robot_description:/home/dev/dev_ws/install/bot_world:/home/dev/final_trial/install/my_robot_bringup:/home/dev/final_trial/install/my_robot_description:/opt/ros/humble /usr/bin/cmake --install /home/dev/dev_ws/build/bot_world
