[0.027s] Invoking command in '/home/dev/final_trial/build/my_robot_description': CMAKE_PREFIX_PATH=${CMAKE_PREFIX_PATH}:/opt/ros/humble /usr/bin/cmake --build /home/dev/final_trial/build/my_robot_description -- -j12 -l12
[0.126s] Invoked command in '/home/dev/final_trial/build/my_robot_description' returned '0': CMAKE_PREFIX_PATH=${CMAKE_PREFIX_PATH}:/opt/ros/humble /usr/bin/cmake --build /home/dev/final_trial/build/my_robot_description -- -j12 -l12
[0.191s] Invoking command in '/home/dev/final_trial/build/my_robot_description': CMAKE_PREFIX_PATH=${CMAKE_PREFIX_PATH}:/opt/ros/humble /usr/bin/cmake --install /home/dev/final_trial/build/my_robot_description
[0.213s] -- Install configuration: ""
[0.214s] -- Up-to-date: /home/dev/final_trial/install/my_robot_description/share/my_robot_description//urdf
[0.214s] -- Up-to-date: /home/dev/final_trial/install/my_robot_description/share/my_robot_description//urdf/lidar.xacro
[0.214s] -- Up-to-date: /home/dev/final_trial/install/my_robot_description/share/my_robot_description//urdf/camera.xacro
[0.214s] -- Installing: /home/dev/final_trial/install/my_robot_description/share/my_robot_description//urdf/common_properties.xacro
[0.215s] -- Installing: /home/dev/final_trial/install/my_robot_description/share/my_robot_description//urdf/mobile_base_gazebo.xacro
[0.215s] -- Up-to-date: /home/dev/final_trial/install/my_robot_description/share/my_robot_description//urdf/my_robot.urdf.xacro
[0.215s] -- Installing: /home/dev/final_trial/install/my_robot_description/share/my_robot_description//urdf/mobile_base.xacro
[0.215s] -- Up-to-date: /home/dev/final_trial/install/my_robot_description/share/my_robot_description//launch
[0.215s] -- Up-to-date: /home/dev/final_trial/install/my_robot_description/share/my_robot_description//launch/display.launch.py
[0.215s] -- Up-to-date: /home/dev/final_trial/install/my_robot_description/share/my_robot_description//launch/display.launch.xml
[0.215s] -- Up-to-date: /home/dev/final_trial/install/my_robot_description/share/my_robot_description//rviz
[0.215s] -- Up-to-date: /home/dev/final_trial/install/my_robot_description/share/my_robot_description//rviz/urdf_config.rviz
[0.215s] -- Up-to-date: /home/dev/final_trial/install/my_robot_description/share/ament_index/resource_index/package_run_dependencies/my_robot_description
[0.216s] -- Up-to-date: /home/dev/final_trial/install/my_robot_description/share/ament_index/resource_index/parent_prefix_path/my_robot_description
[0.216s] -- Up-to-date: /home/dev/final_trial/install/my_robot_description/share/my_robot_description/environment/ament_prefix_path.sh
[0.216s] -- Up-to-date: /home/dev/final_trial/install/my_robot_description/share/my_robot_description/environment/ament_prefix_path.dsv
[0.216s] -- Up-to-date: /home/dev/final_trial/install/my_robot_description/share/my_robot_description/environment/path.sh
[0.216s] -- Up-to-date: /home/dev/final_trial/install/my_robot_description/share/my_robot_description/environment/path.dsv
[0.216s] -- Up-to-date: /home/dev/final_trial/install/my_robot_description/share/my_robot_description/local_setup.bash
[0.216s] -- Up-to-date: /home/dev/final_trial/install/my_robot_description/share/my_robot_description/local_setup.sh
[0.216s] -- Up-to-date: /home/dev/final_trial/install/my_robot_description/share/my_robot_description/local_setup.zsh
[0.216s] -- Up-to-date: /home/dev/final_trial/install/my_robot_description/share/my_robot_description/local_setup.dsv
[0.216s] -- Installing: /home/dev/final_trial/install/my_robot_description/share/my_robot_description/package.dsv
[0.216s] -- Up-to-date: /home/dev/final_trial/install/my_robot_description/share/ament_index/resource_index/packages/my_robot_description
[0.216s] -- Up-to-date: /home/dev/final_trial/install/my_robot_description/share/my_robot_description/cmake/my_robot_descriptionConfig.cmake
[0.217s] -- Up-to-date: /home/dev/final_trial/install/my_robot_description/share/my_robot_description/cmake/my_robot_descriptionConfig-version.cmake
[0.217s] -- Up-to-date: /home/dev/final_trial/install/my_robot_description/share/my_robot_description/package.xml
[0.220s] Invoked command in '/home/dev/final_trial/build/my_robot_description' returned '0': CMAKE_PREFIX_PATH=${CMAKE_PREFIX_PATH}:/opt/ros/humble /usr/bin/cmake --install /home/dev/final_trial/build/my_robot_description
