[0.025s] Invoking command in '/home/dev/final_trial/build/my_robot_description': CMAKE_PREFIX_PATH=/opt/ros/humble /usr/bin/cmake /home/dev/final_trial/src/my_robot_description -DCMAKE_INSTALL_PREFIX=/home/dev/final_trial/install/my_robot_description
[0.140s] -- The C compiler identification is GNU 11.4.0
[0.256s] -- The CXX compiler identification is GNU 11.4.0
[0.271s] -- Detecting C compiler ABI info
[0.421s] -- Detecting C compiler ABI info - done
[0.441s] -- Check for working C compiler: /usr/bin/cc - skipped
[0.449s] -- Detecting C compile features
[0.450s] -- Detecting C compile features - done
[0.464s] -- Detecting CXX compiler ABI info
[0.638s] -- Detecting CXX compiler ABI info - done
[0.649s] -- Check for working CXX compiler: /usr/bin/c++ - skipped
[0.650s] -- Detecting CXX compile features
[0.650s] -- Detecting CXX compile features - done
[0.660s] -- Found ament_cmake: 1.3.9 (/opt/ros/humble/share/ament_cmake/cmake)
[0.952s] -- Found Python3: /usr/bin/python3 (found version "3.10.12") found components: Interpreter 
[1.233s] -- Configuring done
[1.237s] -- Generating done
[1.238s] -- Build files have been written to: /home/dev/final_trial/build/my_robot_description
[1.247s] Invoked command in '/home/dev/final_trial/build/my_robot_description' returned '0': CMAKE_PREFIX_PATH=/opt/ros/humble /usr/bin/cmake /home/dev/final_trial/src/my_robot_description -DCMAKE_INSTALL_PREFIX=/home/dev/final_trial/install/my_robot_description
[1.251s] Invoking command in '/home/dev/final_trial/build/my_robot_description': CMAKE_PREFIX_PATH=/opt/ros/humble /usr/bin/cmake --build /home/dev/final_trial/build/my_robot_description -- -j12 -l12
[1.339s] Invoked command in '/home/dev/final_trial/build/my_robot_description' returned '0': CMAKE_PREFIX_PATH=/opt/ros/humble /usr/bin/cmake --build /home/dev/final_trial/build/my_robot_description -- -j12 -l12
[1.409s] Invoking command in '/home/dev/final_trial/build/my_robot_description': CMAKE_PREFIX_PATH=/opt/ros/humble /usr/bin/cmake --install /home/dev/final_trial/build/my_robot_description
[1.426s] -- Install configuration: ""
[1.427s] -- Installing: /home/dev/final_trial/install/my_robot_description/share/my_robot_description//urdf
[1.427s] -- Installing: /home/dev/final_trial/install/my_robot_description/share/my_robot_description//urdf/common_properties.xacro
[1.427s] -- Installing: /home/dev/final_trial/install/my_robot_description/share/my_robot_description//urdf/mobile_base_gazebo.xacro
[1.428s] -- Installing: /home/dev/final_trial/install/my_robot_description/share/my_robot_description//urdf/my_robot.urdf.xacro
[1.428s] -- Installing: /home/dev/final_trial/install/my_robot_description/share/my_robot_description//urdf/mobile_base.xacro
[1.428s] -- Installing: /home/dev/final_trial/install/my_robot_description/share/my_robot_description//launch
[1.429s] -- Installing: /home/dev/final_trial/install/my_robot_description/share/my_robot_description//launch/display.launch.py
[1.429s] -- Installing: /home/dev/final_trial/install/my_robot_description/share/my_robot_description//launch/display.launch.xml
[1.429s] -- Installing: /home/dev/final_trial/install/my_robot_description/share/my_robot_description//rviz
[1.429s] -- Installing: /home/dev/final_trial/install/my_robot_description/share/my_robot_description//rviz/urdf_config.rviz
[1.430s] -- Installing: /home/dev/final_trial/install/my_robot_description/share/ament_index/resource_index/package_run_dependencies/my_robot_description
[1.431s] -- Installing: /home/dev/final_trial/install/my_robot_description/share/ament_index/resource_index/parent_prefix_path/my_robot_description
[1.431s] -- Installing: /home/dev/final_trial/install/my_robot_description/share/my_robot_description/environment/ament_prefix_path.sh
[1.432s] -- Installing: /home/dev/final_trial/install/my_robot_description/share/my_robot_description/environment/ament_prefix_path.dsv
[1.432s] -- Installing: /home/dev/final_trial/install/my_robot_description/share/my_robot_description/environment/path.sh
[1.432s] -- Installing: /home/dev/final_trial/install/my_robot_description/share/my_robot_description/environment/path.dsv
[1.433s] -- Installing: /home/dev/final_trial/install/my_robot_description/share/my_robot_description/local_setup.bash
[1.433s] -- Installing: /home/dev/final_trial/install/my_robot_description/share/my_robot_description/local_setup.sh
[1.433s] -- Installing: /home/dev/final_trial/install/my_robot_description/share/my_robot_description/local_setup.zsh
[1.433s] -- Installing: /home/dev/final_trial/install/my_robot_description/share/my_robot_description/local_setup.dsv
[1.434s] -- Installing: /home/dev/final_trial/install/my_robot_description/share/my_robot_description/package.dsv
[1.434s] -- Installing: /home/dev/final_trial/install/my_robot_description/share/ament_index/resource_index/packages/my_robot_description
[1.434s] -- Installing: /home/dev/final_trial/install/my_robot_description/share/my_robot_description/cmake/my_robot_descriptionConfig.cmake
[1.435s] -- Installing: /home/dev/final_trial/install/my_robot_description/share/my_robot_description/cmake/my_robot_descriptionConfig-version.cmake
[1.435s] -- Installing: /home/dev/final_trial/install/my_robot_description/share/my_robot_description/package.xml
[1.440s] Invoked command in '/home/dev/final_trial/build/my_robot_description' returned '0': CMAKE_PREFIX_PATH=/opt/ros/humble /usr/bin/cmake --install /home/dev/final_trial/build/my_robot_description
