[0.013s] Invoking command in '/home/dev/dev_ws/build/bot_description': CMAKE_PREFIX_PATH=${CMAKE_PREFIX_PATH}:/opt/ros/humble /usr/bin/cmake /home/dev/dev_ws/src/bot_description -DCMAKE_INSTALL_PREFIX=/home/dev/dev_ws/install/bot_description
[0.138s] -- The C compiler identification is GNU 11.4.0
[0.248s] -- The CXX compiler identification is GNU 11.4.0
[0.259s] -- Detecting C compiler ABI info
[0.342s] -- Detecting C compiler ABI info - done
[0.358s] -- Check for working C compiler: /usr/bin/cc - skipped
[0.358s] -- Detecting C compile features
[0.359s] -- Detecting C compile features - done
[0.363s] -- Detecting CXX compiler ABI info
[0.481s] -- Detecting CXX compiler ABI info - done
[0.500s] -- Check for working CXX compiler: /usr/bin/c++ - skipped
[0.501s] -- Detecting CXX compile features
[0.501s] -- Detecting CXX compile features - done
[0.512s] -- Found ament_cmake: 1.3.9 (/opt/ros/humble/share/ament_cmake/cmake)
[0.782s] -- Found Python3: /usr/bin/python3 (found version "3.10.12") found components: Interpreter 
[1.002s] -- Configuring done
[1.009s] -- Generating done
[1.012s] -- Build files have been written to: /home/dev/dev_ws/build/bot_description
[1.021s] Invoked command in '/home/dev/dev_ws/build/bot_description' returned '0': CMAKE_PREFIX_PATH=${CMAKE_PREFIX_PATH}:/opt/ros/humble /usr/bin/cmake /home/dev/dev_ws/src/bot_description -DCMAKE_INSTALL_PREFIX=/home/dev/dev_ws/install/bot_description
[1.025s] Invoking command in '/home/dev/dev_ws/build/bot_description': CMAKE_PREFIX_PATH=${CMAKE_PREFIX_PATH}:/opt/ros/humble /usr/bin/cmake --build /home/dev/dev_ws/build/bot_description -- -j12 -l12
[1.101s] Invoked command in '/home/dev/dev_ws/build/bot_description' returned '0': CMAKE_PREFIX_PATH=${CMAKE_PREFIX_PATH}:/opt/ros/humble /usr/bin/cmake --build /home/dev/dev_ws/build/bot_description -- -j12 -l12
[1.175s] Invoking command in '/home/dev/dev_ws/build/bot_description': CMAKE_PREFIX_PATH=${CMAKE_PREFIX_PATH}:/opt/ros/humble /usr/bin/cmake --install /home/dev/dev_ws/build/bot_description
[1.195s] -- Install configuration: ""
[1.195s] -- Installing: /home/dev/dev_ws/install/bot_description/share/bot_description//urdf
[1.195s] -- Installing: /home/dev/dev_ws/install/bot_description/share/bot_description//urdf/lidar.xacro
[1.195s] -- Installing: /home/dev/dev_ws/install/bot_description/share/bot_description//urdf/camera.xacro
[1.196s] -- Installing: /home/dev/dev_ws/install/bot_description/share/bot_description//urdf/common_properties.xacro
[1.196s] -- Installing: /home/dev/dev_ws/install/bot_description/share/bot_description//urdf/mobile_base_gazebo.xacro
[1.196s] -- Installing: /home/dev/dev_ws/install/bot_description/share/bot_description//urdf/my_robot.urdf.xacro
[1.197s] -- Installing: /home/dev/dev_ws/install/bot_description/share/bot_description//urdf/mobile_base.xacro
[1.197s] -- Installing: /home/dev/dev_ws/install/bot_description/share/bot_description//launch
[1.197s] -- Installing: /home/dev/dev_ws/install/bot_description/share/bot_description//launch/rviz.launch.py
[1.197s] -- Installing: /home/dev/dev_ws/install/bot_description/share/bot_description//launch/lidar_0_to_120.py
[1.198s] -- Installing: /home/dev/dev_ws/install/bot_description/share/bot_description//launch/display.launch.xml
[1.198s] -- Installing: /home/dev/dev_ws/install/bot_description/share/bot_description//rviz
[1.198s] -- Installing: /home/dev/dev_ws/install/bot_description/share/bot_description//rviz/urdf_config.rviz
[1.199s] -- Installing: /home/dev/dev_ws/install/bot_description/share/ament_index/resource_index/package_run_dependencies/bot_description
[1.199s] -- Installing: /home/dev/dev_ws/install/bot_description/share/ament_index/resource_index/parent_prefix_path/bot_description
[1.200s] -- Installing: /home/dev/dev_ws/install/bot_description/share/bot_description/environment/ament_prefix_path.sh
[1.200s] -- Installing: /home/dev/dev_ws/install/bot_description/share/bot_description/environment/ament_prefix_path.dsv
[1.201s] -- Installing: /home/dev/dev_ws/install/bot_description/share/bot_description/environment/path.sh
[1.201s] -- Installing: /home/dev/dev_ws/install/bot_description/share/bot_description/environment/path.dsv
[1.202s] -- Installing: /home/dev/dev_ws/install/bot_description/share/bot_description/local_setup.bash
[1.202s] -- Installing: /home/dev/dev_ws/install/bot_description/share/bot_description/local_setup.sh
[1.202s] -- Installing: /home/dev/dev_ws/install/bot_description/share/bot_description/local_setup.zsh
[1.203s] -- Installing: /home/dev/dev_ws/install/bot_description/share/bot_description/local_setup.dsv
[1.203s] -- Installing: /home/dev/dev_ws/install/bot_description/share/bot_description/package.dsv
[1.204s] -- Installing: /home/dev/dev_ws/install/bot_description/share/ament_index/resource_index/packages/bot_description
[1.204s] -- Installing: /home/dev/dev_ws/install/bot_description/share/bot_description/cmake/bot_descriptionConfig.cmake
[1.204s] -- Installing: /home/dev/dev_ws/install/bot_description/share/bot_description/cmake/bot_descriptionConfig-version.cmake
[1.205s] -- Installing: /home/dev/dev_ws/install/bot_description/share/bot_description/package.xml
[1.210s] Invoked command in '/home/dev/dev_ws/build/bot_description' returned '0': CMAKE_PREFIX_PATH=${CMAKE_PREFIX_PATH}:/opt/ros/humble /usr/bin/cmake --install /home/dev/dev_ws/build/bot_description
