-- Install configuration: ""
-- Up-to-date: /home/dev/dev_ws/install/bot_world/share/bot_world//launch
-- Up-to-date: /home/dev/dev_ws/install/bot_world/share/bot_world//launch/my_robot_gazebo.launch.xml
-- Up-to-date: /home/dev/dev_ws/install/bot_world/share/bot_world//rviz
-- Up-to-date: /home/dev/dev_ws/install/bot_world/share/bot_world//rviz/urdf_config.rviz
-- Up-to-date: /home/dev/dev_ws/install/bot_world/share/bot_world//worlds
-- Up-to-date: /home/dev/dev_ws/install/bot_world/share/bot_world//worlds/test_world.world
-- Up-to-date: /home/dev/dev_ws/install/bot_world/share/ament_index/resource_index/package_run_dependencies/bot_world
-- Up-to-date: /home/dev/dev_ws/install/bot_world/share/ament_index/resource_index/parent_prefix_path/bot_world
-- Up-to-date: /home/dev/dev_ws/install/bot_world/share/bot_world/environment/ament_prefix_path.sh
-- Up-to-date: /home/dev/dev_ws/install/bot_world/share/bot_world/environment/ament_prefix_path.dsv
-- Up-to-date: /home/dev/dev_ws/install/bot_world/share/bot_world/environment/path.sh
-- Up-to-date: /home/dev/dev_ws/install/bot_world/share/bot_world/environment/path.dsv
-- Up-to-date: /home/dev/dev_ws/install/bot_world/share/bot_world/local_setup.bash
-- Up-to-date: /home/dev/dev_ws/install/bot_world/share/bot_world/local_setup.sh
-- Up-to-date: /home/dev/dev_ws/install/bot_world/share/bot_world/local_setup.zsh
-- Up-to-date: /home/dev/dev_ws/install/bot_world/share/bot_world/local_setup.dsv
-- Up-to-date: /home/dev/dev_ws/install/bot_world/share/bot_world/package.dsv
-- Up-to-date: /home/dev/dev_ws/install/bot_world/share/ament_index/resource_index/packages/bot_world
-- Up-to-date: /home/dev/dev_ws/install/bot_world/share/bot_world/cmake/bot_worldConfig.cmake
-- Up-to-date: /home/dev/dev_ws/install/bot_world/share/bot_world/cmake/bot_worldConfig-version.cmake
-- Up-to-date: /home/dev/dev_ws/install/bot_world/share/bot_world/package.xml
