[0.091s] DEBUG:colcon:Command line arguments: ['/usr/bin/colcon', 'build']
[0.091s] DEBUG:colcon:Parsed command line arguments: Namespace(log_base=None, log_level=None, verb_name='build', build_base='build', install_base='install', merge_install=False, symlink_install=False, test_result_base=None, continue_on_error=False, executor='parallel', parallel_workers=12, event_handlers=None, ignore_user_meta=False, metas=['./colcon.meta'], base_paths=['.'], packages_ignore=None, packages_ignore_regex=None, paths=None, packages_up_to=None, packages_up_to_regex=None, packages_above=None, packages_above_and_dependencies=None, packages_above_depth=None, packages_select_by_dep=None, packages_skip_by_dep=None, packages_skip_up_to=None, packages_select_build_failed=False, packages_skip_build_finished=False, packages_select_test_failures=False, packages_skip_test_passed=False, packages_select=None, packages_skip=None, packages_select_regex=None, packages_skip_regex=None, packages_start=None, packages_end=None, allow_overriding=[], cmake_args=None, cmake_target=None, cmake_target_skip_unavailable=False, cmake_clean_cache=False, cmake_clean_first=False, cmake_force_configure=False, ament_cmake_args=None, catkin_cmake_args=None, catkin_skip_building_tests=False, mixin_files=None, mixin=None, verb_parser=<colcon_mixin.mixin.mixin_argument.MixinArgumentDecorator object at 0x710e55043220>, verb_extension=<colcon_core.verb.build.BuildVerb object at 0x710e55042380>, main=<bound method BuildVerb.main of <colcon_core.verb.build.BuildVerb object at 0x710e55042380>>, mixin_verb=('build',))
[0.244s] Level 1:colcon.colcon_core.package_discovery:discover_packages(colcon_meta) check parameters
[0.244s] Level 1:colcon.colcon_core.package_discovery:discover_packages(recursive) check parameters
[0.244s] Level 1:colcon.colcon_core.package_discovery:discover_packages(ignore) check parameters
[0.244s] Level 1:colcon.colcon_core.package_discovery:discover_packages(path) check parameters
[0.244s] Level 1:colcon.colcon_core.package_discovery:discover_packages(colcon_meta) discover
[0.244s] Level 1:colcon.colcon_core.package_discovery:discover_packages(recursive) discover
[0.244s] INFO:colcon.colcon_core.package_discovery:Crawling recursively for packages in '/home/dev/final_trial'
[0.244s] Level 1:colcon.colcon_core.package_identification:_identify(.) by extensions ['ignore', 'ignore_ament_install']
[0.244s] Level 1:colcon.colcon_core.package_identification:_identify(.) by extension 'ignore'
[0.244s] Level 1:colcon.colcon_core.package_identification:_identify(.) by extension 'ignore_ament_install'
[0.244s] Level 1:colcon.colcon_core.package_identification:_identify(.) by extensions ['colcon_pkg']
[0.244s] Level 1:colcon.colcon_core.package_identification:_identify(.) by extension 'colcon_pkg'
[0.244s] Level 1:colcon.colcon_core.package_identification:_identify(.) by extensions ['colcon_meta']
[0.244s] Level 1:colcon.colcon_core.package_identification:_identify(.) by extension 'colcon_meta'
[0.245s] Level 1:colcon.colcon_core.package_identification:_identify(.) by extensions ['ros']
[0.245s] Level 1:colcon.colcon_core.package_identification:_identify(.) by extension 'ros'
[0.254s] Level 1:colcon.colcon_core.package_identification:_identify(.) by extensions ['cmake', 'python']
[0.254s] Level 1:colcon.colcon_core.package_identification:_identify(.) by extension 'cmake'
[0.254s] Level 1:colcon.colcon_core.package_identification:_identify(.) by extension 'python'
[0.254s] Level 1:colcon.colcon_core.package_identification:_identify(.) by extensions ['python_setup_py']
[0.254s] Level 1:colcon.colcon_core.package_identification:_identify(.) by extension 'python_setup_py'
[0.254s] Level 1:colcon.colcon_core.package_identification:_identify(build) by extensions ['ignore', 'ignore_ament_install']
[0.254s] Level 1:colcon.colcon_core.package_identification:_identify(build) by extension 'ignore'
[0.254s] Level 1:colcon.colcon_core.package_identification:_identify(build) ignored
[0.254s] Level 1:colcon.colcon_core.package_identification:_identify(install) by extensions ['ignore', 'ignore_ament_install']
[0.254s] Level 1:colcon.colcon_core.package_identification:_identify(install) by extension 'ignore'
[0.254s] Level 1:colcon.colcon_core.package_identification:_identify(install) ignored
[0.255s] Level 1:colcon.colcon_core.package_identification:_identify(log) by extensions ['ignore', 'ignore_ament_install']
[0.255s] Level 1:colcon.colcon_core.package_identification:_identify(log) by extension 'ignore'
[0.255s] Level 1:colcon.colcon_core.package_identification:_identify(log) ignored
[0.255s] Level 1:colcon.colcon_core.package_identification:_identify(src) by extensions ['ignore', 'ignore_ament_install']
[0.255s] Level 1:colcon.colcon_core.package_identification:_identify(src) by extension 'ignore'
[0.255s] Level 1:colcon.colcon_core.package_identification:_identify(src) by extension 'ignore_ament_install'
[0.255s] Level 1:colcon.colcon_core.package_identification:_identify(src) by extensions ['colcon_pkg']
[0.255s] Level 1:colcon.colcon_core.package_identification:_identify(src) by extension 'colcon_pkg'
[0.255s] Level 1:colcon.colcon_core.package_identification:_identify(src) by extensions ['colcon_meta']
[0.255s] Level 1:colcon.colcon_core.package_identification:_identify(src) by extension 'colcon_meta'
[0.255s] Level 1:colcon.colcon_core.package_identification:_identify(src) by extensions ['ros']
[0.255s] Level 1:colcon.colcon_core.package_identification:_identify(src) by extension 'ros'
[0.255s] Level 1:colcon.colcon_core.package_identification:_identify(src) by extensions ['cmake', 'python']
[0.255s] Level 1:colcon.colcon_core.package_identification:_identify(src) by extension 'cmake'
[0.255s] Level 1:colcon.colcon_core.package_identification:_identify(src) by extension 'python'
[0.255s] Level 1:colcon.colcon_core.package_identification:_identify(src) by extensions ['python_setup_py']
[0.255s] Level 1:colcon.colcon_core.package_identification:_identify(src) by extension 'python_setup_py'
[0.255s] Level 1:colcon.colcon_core.package_identification:_identify(src/my_robot_bringup) by extensions ['ignore', 'ignore_ament_install']
[0.255s] Level 1:colcon.colcon_core.package_identification:_identify(src/my_robot_bringup) by extension 'ignore'
[0.255s] Level 1:colcon.colcon_core.package_identification:_identify(src/my_robot_bringup) by extension 'ignore_ament_install'
[0.255s] Level 1:colcon.colcon_core.package_identification:_identify(src/my_robot_bringup) by extensions ['colcon_pkg']
[0.255s] Level 1:colcon.colcon_core.package_identification:_identify(src/my_robot_bringup) by extension 'colcon_pkg'
[0.255s] Level 1:colcon.colcon_core.package_identification:_identify(src/my_robot_bringup) by extensions ['colcon_meta']
[0.255s] Level 1:colcon.colcon_core.package_identification:_identify(src/my_robot_bringup) by extension 'colcon_meta'
[0.256s] Level 1:colcon.colcon_core.package_identification:_identify(src/my_robot_bringup) by extensions ['ros']
[0.256s] Level 1:colcon.colcon_core.package_identification:_identify(src/my_robot_bringup) by extension 'ros'
[0.258s] DEBUG:colcon.colcon_core.package_identification:Package 'src/my_robot_bringup' with type 'ros.ament_cmake' and name 'my_robot_bringup'
[0.258s] Level 1:colcon.colcon_core.package_identification:_identify(src/my_robot_description) by extensions ['ignore', 'ignore_ament_install']
[0.258s] Level 1:colcon.colcon_core.package_identification:_identify(src/my_robot_description) by extension 'ignore'
[0.258s] Level 1:colcon.colcon_core.package_identification:_identify(src/my_robot_description) by extension 'ignore_ament_install'
[0.258s] Level 1:colcon.colcon_core.package_identification:_identify(src/my_robot_description) by extensions ['colcon_pkg']
[0.258s] Level 1:colcon.colcon_core.package_identification:_identify(src/my_robot_description) by extension 'colcon_pkg'
[0.258s] Level 1:colcon.colcon_core.package_identification:_identify(src/my_robot_description) by extensions ['colcon_meta']
[0.258s] Level 1:colcon.colcon_core.package_identification:_identify(src/my_robot_description) by extension 'colcon_meta'
[0.258s] Level 1:colcon.colcon_core.package_identification:_identify(src/my_robot_description) by extensions ['ros']
[0.258s] Level 1:colcon.colcon_core.package_identification:_identify(src/my_robot_description) by extension 'ros'
[0.258s] DEBUG:colcon.colcon_core.package_identification:Package 'src/my_robot_description' with type 'ros.ament_cmake' and name 'my_robot_description'
[0.258s] Level 1:colcon.colcon_core.package_discovery:discover_packages(recursive) using defaults
[0.259s] Level 1:colcon.colcon_core.package_discovery:discover_packages(ignore) discover
[0.259s] Level 1:colcon.colcon_core.package_discovery:discover_packages(ignore) using defaults
[0.259s] Level 1:colcon.colcon_core.package_discovery:discover_packages(path) discover
[0.259s] Level 1:colcon.colcon_core.package_discovery:discover_packages(path) using defaults
[0.286s] Level 1:colcon.colcon_core.package_discovery:discover_packages(prefix_path) check parameters
[0.286s] Level 1:colcon.colcon_core.package_discovery:discover_packages(prefix_path) discover
[0.288s] DEBUG:colcon.colcon_installed_package_information.package_discovery:Found 2 installed packages in /home/dev/final_trial/install
[0.289s] DEBUG:colcon.colcon_installed_package_information.package_discovery:Found 403 installed packages in /opt/ros/humble
[0.291s] Level 1:colcon.colcon_core.package_discovery:discover_packages(prefix_path) using defaults
[0.331s] Level 5:colcon.colcon_core.verb:set package 'my_robot_description' build argument 'cmake_args' from command line to 'None'
[0.331s] Level 5:colcon.colcon_core.verb:set package 'my_robot_description' build argument 'cmake_target' from command line to 'None'
[0.331s] Level 5:colcon.colcon_core.verb:set package 'my_robot_description' build argument 'cmake_target_skip_unavailable' from command line to 'False'
[0.331s] Level 5:colcon.colcon_core.verb:set package 'my_robot_description' build argument 'cmake_clean_cache' from command line to 'False'
[0.331s] Level 5:colcon.colcon_core.verb:set package 'my_robot_description' build argument 'cmake_clean_first' from command line to 'False'
[0.331s] Level 5:colcon.colcon_core.verb:set package 'my_robot_description' build argument 'cmake_force_configure' from command line to 'False'
[0.331s] Level 5:colcon.colcon_core.verb:set package 'my_robot_description' build argument 'ament_cmake_args' from command line to 'None'
[0.331s] Level 5:colcon.colcon_core.verb:set package 'my_robot_description' build argument 'catkin_cmake_args' from command line to 'None'
[0.331s] Level 5:colcon.colcon_core.verb:set package 'my_robot_description' build argument 'catkin_skip_building_tests' from command line to 'False'
[0.331s] DEBUG:colcon.colcon_core.verb:Building package 'my_robot_description' with the following arguments: {'ament_cmake_args': None, 'build_base': '/home/dev/final_trial/build/my_robot_description', 'catkin_cmake_args': None, 'catkin_skip_building_tests': False, 'cmake_args': None, 'cmake_clean_cache': False, 'cmake_clean_first': False, 'cmake_force_configure': False, 'cmake_target': None, 'cmake_target_skip_unavailable': False, 'install_base': '/home/dev/final_trial/install/my_robot_description', 'merge_install': False, 'path': '/home/dev/final_trial/src/my_robot_description', 'symlink_install': False, 'test_result_base': None}
[0.332s] Level 5:colcon.colcon_core.verb:set package 'my_robot_bringup' build argument 'cmake_args' from command line to 'None'
[0.332s] Level 5:colcon.colcon_core.verb:set package 'my_robot_bringup' build argument 'cmake_target' from command line to 'None'
[0.332s] Level 5:colcon.colcon_core.verb:set package 'my_robot_bringup' build argument 'cmake_target_skip_unavailable' from command line to 'False'
[0.332s] Level 5:colcon.colcon_core.verb:set package 'my_robot_bringup' build argument 'cmake_clean_cache' from command line to 'False'
[0.332s] Level 5:colcon.colcon_core.verb:set package 'my_robot_bringup' build argument 'cmake_clean_first' from command line to 'False'
[0.332s] Level 5:colcon.colcon_core.verb:set package 'my_robot_bringup' build argument 'cmake_force_configure' from command line to 'False'
[0.332s] Level 5:colcon.colcon_core.verb:set package 'my_robot_bringup' build argument 'ament_cmake_args' from command line to 'None'
[0.332s] Level 5:colcon.colcon_core.verb:set package 'my_robot_bringup' build argument 'catkin_cmake_args' from command line to 'None'
[0.332s] Level 5:colcon.colcon_core.verb:set package 'my_robot_bringup' build argument 'catkin_skip_building_tests' from command line to 'False'
[0.332s] DEBUG:colcon.colcon_core.verb:Building package 'my_robot_bringup' with the following arguments: {'ament_cmake_args': None, 'build_base': '/home/dev/final_trial/build/my_robot_bringup', 'catkin_cmake_args': None, 'catkin_skip_building_tests': False, 'cmake_args': None, 'cmake_clean_cache': False, 'cmake_clean_first': False, 'cmake_force_configure': False, 'cmake_target': None, 'cmake_target_skip_unavailable': False, 'install_base': '/home/dev/final_trial/install/my_robot_bringup', 'merge_install': False, 'path': '/home/dev/final_trial/src/my_robot_bringup', 'symlink_install': False, 'test_result_base': None}
[0.332s] INFO:colcon.colcon_core.executor:Executing jobs using 'parallel' executor
[0.333s] DEBUG:colcon.colcon_parallel_executor.executor.parallel:run_until_complete
[0.333s] INFO:colcon.colcon_ros.task.ament_cmake.build:Building ROS package in '/home/dev/final_trial/src/my_robot_description' with build type 'ament_cmake'
[0.333s] INFO:colcon.colcon_cmake.task.cmake.build:Building CMake package in '/home/dev/final_trial/src/my_robot_description'
[0.335s] INFO:colcon.colcon_core.plugin_system:Skipping extension 'colcon_core.shell.bat': Not used on non-Windows systems
[0.335s] INFO:colcon.colcon_core.shell:Skip shell extension 'powershell' for command environment: Not usable outside of PowerShell
[0.335s] DEBUG:colcon.colcon_core.shell:Skip shell extension 'dsv' for command environment
[0.346s] DEBUG:colcon.colcon_core.event_handler.log_command:Invoking command in '/home/dev/final_trial/build/my_robot_description': CMAKE_PREFIX_PATH=${CMAKE_PREFIX_PATH}:/opt/ros/humble /usr/bin/cmake --build /home/dev/final_trial/build/my_robot_description -- -j12 -l12
[0.390s] DEBUG:colcon.colcon_core.event_handler.log_command:Invoked command in '/home/dev/final_trial/build/my_robot_description' returned '0': CMAKE_PREFIX_PATH=${CMAKE_PREFIX_PATH}:/opt/ros/humble /usr/bin/cmake --build /home/dev/final_trial/build/my_robot_description -- -j12 -l12
[0.447s] DEBUG:colcon.colcon_core.event_handler.log_command:Invoking command in '/home/dev/final_trial/build/my_robot_description': CMAKE_PREFIX_PATH=${CMAKE_PREFIX_PATH}:/opt/ros/humble /usr/bin/cmake --install /home/dev/final_trial/build/my_robot_description
[0.474s] Level 1:colcon.colcon_core.environment:create_environment_scripts_only(my_robot_description)
[0.475s] DEBUG:colcon.colcon_core.event_handler.log_command:Invoked command in '/home/dev/final_trial/build/my_robot_description' returned '0': CMAKE_PREFIX_PATH=${CMAKE_PREFIX_PATH}:/opt/ros/humble /usr/bin/cmake --install /home/dev/final_trial/build/my_robot_description
[0.476s] Level 1:colcon.colcon_core.environment:checking '/home/dev/final_trial/install/my_robot_description' for CMake module files
[0.477s] Level 1:colcon.colcon_core.environment:checking '/home/dev/final_trial/install/my_robot_description' for CMake config files
[0.477s] Level 1:colcon.colcon_core.shell:create_environment_hook('my_robot_description', 'cmake_prefix_path')
[0.477s] INFO:colcon.colcon_core.shell:Creating environment hook '/home/dev/final_trial/install/my_robot_description/share/my_robot_description/hook/cmake_prefix_path.ps1'
[0.478s] INFO:colcon.colcon_core.shell:Creating environment descriptor '/home/dev/final_trial/install/my_robot_description/share/my_robot_description/hook/cmake_prefix_path.dsv'
[0.478s] INFO:colcon.colcon_core.shell:Creating environment hook '/home/dev/final_trial/install/my_robot_description/share/my_robot_description/hook/cmake_prefix_path.sh'
[0.479s] Level 1:colcon.colcon_core.environment:checking '/home/dev/final_trial/install/my_robot_description/bin'
[0.479s] Level 1:colcon.colcon_core.environment:checking '/home/dev/final_trial/install/my_robot_description/lib/pkgconfig/my_robot_description.pc'
[0.479s] Level 1:colcon.colcon_core.environment:checking '/home/dev/final_trial/install/my_robot_description/lib/python3.10/site-packages'
[0.479s] Level 1:colcon.colcon_core.environment:checking '/home/dev/final_trial/install/my_robot_description/bin'
[0.479s] INFO:colcon.colcon_core.shell:Creating package script '/home/dev/final_trial/install/my_robot_description/share/my_robot_description/package.ps1'
[0.480s] INFO:colcon.colcon_core.shell:Creating package descriptor '/home/dev/final_trial/install/my_robot_description/share/my_robot_description/package.dsv'
[0.480s] INFO:colcon.colcon_core.shell:Creating package script '/home/dev/final_trial/install/my_robot_description/share/my_robot_description/package.sh'
[0.481s] INFO:colcon.colcon_core.shell:Creating package script '/home/dev/final_trial/install/my_robot_description/share/my_robot_description/package.bash'
[0.481s] INFO:colcon.colcon_core.shell:Creating package script '/home/dev/final_trial/install/my_robot_description/share/my_robot_description/package.zsh'
[0.482s] Level 1:colcon.colcon_core.environment:create_file_with_runtime_dependencies(/home/dev/final_trial/install/my_robot_description/share/colcon-core/packages/my_robot_description)
[0.506s] Level 1:colcon.colcon_core.environment:create_environment_scripts_only(my_robot_description)
[0.506s] Level 1:colcon.colcon_core.environment:checking '/home/dev/final_trial/install/my_robot_description' for CMake module files
[0.507s] Level 1:colcon.colcon_core.environment:checking '/home/dev/final_trial/install/my_robot_description' for CMake config files
[0.507s] Level 1:colcon.colcon_core.shell:create_environment_hook('my_robot_description', 'cmake_prefix_path')
[0.507s] INFO:colcon.colcon_core.shell:Creating environment hook '/home/dev/final_trial/install/my_robot_description/share/my_robot_description/hook/cmake_prefix_path.ps1'
[0.508s] INFO:colcon.colcon_core.shell:Creating environment descriptor '/home/dev/final_trial/install/my_robot_description/share/my_robot_description/hook/cmake_prefix_path.dsv'
[0.508s] INFO:colcon.colcon_core.shell:Creating environment hook '/home/dev/final_trial/install/my_robot_description/share/my_robot_description/hook/cmake_prefix_path.sh'
[0.508s] Level 1:colcon.colcon_core.environment:checking '/home/dev/final_trial/install/my_robot_description/bin'
[0.508s] Level 1:colcon.colcon_core.environment:checking '/home/dev/final_trial/install/my_robot_description/lib/pkgconfig/my_robot_description.pc'
[0.508s] Level 1:colcon.colcon_core.environment:checking '/home/dev/final_trial/install/my_robot_description/lib/python3.10/site-packages'
[0.509s] Level 1:colcon.colcon_core.environment:checking '/home/dev/final_trial/install/my_robot_description/bin'
[0.509s] INFO:colcon.colcon_core.shell:Creating package script '/home/dev/final_trial/install/my_robot_description/share/my_robot_description/package.ps1'
[0.509s] INFO:colcon.colcon_core.shell:Creating package descriptor '/home/dev/final_trial/install/my_robot_description/share/my_robot_description/package.dsv'
[0.510s] INFO:colcon.colcon_core.shell:Creating package script '/home/dev/final_trial/install/my_robot_description/share/my_robot_description/package.sh'
[0.510s] INFO:colcon.colcon_core.shell:Creating package script '/home/dev/final_trial/install/my_robot_description/share/my_robot_description/package.bash'
[0.510s] INFO:colcon.colcon_core.shell:Creating package script '/home/dev/final_trial/install/my_robot_description/share/my_robot_description/package.zsh'
[0.510s] Level 1:colcon.colcon_core.environment:create_file_with_runtime_dependencies(/home/dev/final_trial/install/my_robot_description/share/colcon-core/packages/my_robot_description)
[0.511s] INFO:colcon.colcon_ros.task.ament_cmake.build:Building ROS package in '/home/dev/final_trial/src/my_robot_bringup' with build type 'ament_cmake'
[0.511s] INFO:colcon.colcon_cmake.task.cmake.build:Building CMake package in '/home/dev/final_trial/src/my_robot_bringup'
[0.511s] INFO:colcon.colcon_core.shell:Skip shell extension 'powershell' for command environment: Not usable outside of PowerShell
[0.511s] DEBUG:colcon.colcon_core.shell:Skip shell extension 'dsv' for command environment
[0.520s] DEBUG:colcon.colcon_core.event_handler.log_command:Invoking command in '/home/dev/final_trial/build/my_robot_bringup': CMAKE_PREFIX_PATH=/home/dev/final_trial/install/my_robot_description:/home/dev/final_trial/install/my_robot_bringup:/opt/ros/humble /usr/bin/cmake --build /home/dev/final_trial/build/my_robot_bringup -- -j12 -l12
[0.565s] DEBUG:colcon.colcon_core.event_handler.log_command:Invoked command in '/home/dev/final_trial/build/my_robot_bringup' returned '0': CMAKE_PREFIX_PATH=/home/dev/final_trial/install/my_robot_description:/home/dev/final_trial/install/my_robot_bringup:/opt/ros/humble /usr/bin/cmake --build /home/dev/final_trial/build/my_robot_bringup -- -j12 -l12
[0.604s] DEBUG:colcon.colcon_core.event_handler.log_command:Invoking command in '/home/dev/final_trial/build/my_robot_bringup': CMAKE_PREFIX_PATH=/home/dev/final_trial/install/my_robot_description:/home/dev/final_trial/install/my_robot_bringup:/opt/ros/humble /usr/bin/cmake --install /home/dev/final_trial/build/my_robot_bringup
[0.615s] Level 1:colcon.colcon_core.environment:create_environment_scripts_only(my_robot_bringup)
[0.615s] Level 1:colcon.colcon_core.environment:checking '/home/dev/final_trial/install/my_robot_bringup' for CMake module files
[0.616s] DEBUG:colcon.colcon_core.event_handler.log_command:Invoked command in '/home/dev/final_trial/build/my_robot_bringup' returned '0': CMAKE_PREFIX_PATH=/home/dev/final_trial/install/my_robot_description:/home/dev/final_trial/install/my_robot_bringup:/opt/ros/humble /usr/bin/cmake --install /home/dev/final_trial/build/my_robot_bringup
[0.616s] Level 1:colcon.colcon_core.environment:checking '/home/dev/final_trial/install/my_robot_bringup' for CMake config files
[0.616s] Level 1:colcon.colcon_core.shell:create_environment_hook('my_robot_bringup', 'cmake_prefix_path')
[0.616s] INFO:colcon.colcon_core.shell:Creating environment hook '/home/dev/final_trial/install/my_robot_bringup/share/my_robot_bringup/hook/cmake_prefix_path.ps1'
[0.617s] INFO:colcon.colcon_core.shell:Creating environment descriptor '/home/dev/final_trial/install/my_robot_bringup/share/my_robot_bringup/hook/cmake_prefix_path.dsv'
[0.617s] INFO:colcon.colcon_core.shell:Creating environment hook '/home/dev/final_trial/install/my_robot_bringup/share/my_robot_bringup/hook/cmake_prefix_path.sh'
[0.618s] Level 1:colcon.colcon_core.environment:checking '/home/dev/final_trial/install/my_robot_bringup/bin'
[0.618s] Level 1:colcon.colcon_core.environment:checking '/home/dev/final_trial/install/my_robot_bringup/lib/pkgconfig/my_robot_bringup.pc'
[0.618s] Level 1:colcon.colcon_core.environment:checking '/home/dev/final_trial/install/my_robot_bringup/lib/python3.10/site-packages'
[0.618s] Level 1:colcon.colcon_core.environment:checking '/home/dev/final_trial/install/my_robot_bringup/bin'
[0.618s] INFO:colcon.colcon_core.shell:Creating package script '/home/dev/final_trial/install/my_robot_bringup/share/my_robot_bringup/package.ps1'
[0.619s] INFO:colcon.colcon_core.shell:Creating package descriptor '/home/dev/final_trial/install/my_robot_bringup/share/my_robot_bringup/package.dsv'
[0.619s] INFO:colcon.colcon_core.shell:Creating package script '/home/dev/final_trial/install/my_robot_bringup/share/my_robot_bringup/package.sh'
[0.619s] INFO:colcon.colcon_core.shell:Creating package script '/home/dev/final_trial/install/my_robot_bringup/share/my_robot_bringup/package.bash'
[0.619s] INFO:colcon.colcon_core.shell:Creating package script '/home/dev/final_trial/install/my_robot_bringup/share/my_robot_bringup/package.zsh'
[0.619s] Level 1:colcon.colcon_core.environment:create_file_with_runtime_dependencies(/home/dev/final_trial/install/my_robot_bringup/share/colcon-core/packages/my_robot_bringup)
[0.647s] Level 1:colcon.colcon_core.environment:create_environment_scripts_only(my_robot_bringup)
[0.647s] Level 1:colcon.colcon_core.environment:checking '/home/dev/final_trial/install/my_robot_bringup' for CMake module files
[0.648s] Level 1:colcon.colcon_core.environment:checking '/home/dev/final_trial/install/my_robot_bringup' for CMake config files
[0.648s] Level 1:colcon.colcon_core.shell:create_environment_hook('my_robot_bringup', 'cmake_prefix_path')
[0.648s] INFO:colcon.colcon_core.shell:Creating environment hook '/home/dev/final_trial/install/my_robot_bringup/share/my_robot_bringup/hook/cmake_prefix_path.ps1'
[0.648s] INFO:colcon.colcon_core.shell:Creating environment descriptor '/home/dev/final_trial/install/my_robot_bringup/share/my_robot_bringup/hook/cmake_prefix_path.dsv'
[0.648s] INFO:colcon.colcon_core.shell:Creating environment hook '/home/dev/final_trial/install/my_robot_bringup/share/my_robot_bringup/hook/cmake_prefix_path.sh'
[0.649s] Level 1:colcon.colcon_core.environment:checking '/home/dev/final_trial/install/my_robot_bringup/bin'
[0.649s] Level 1:colcon.colcon_core.environment:checking '/home/dev/final_trial/install/my_robot_bringup/lib/pkgconfig/my_robot_bringup.pc'
[0.649s] Level 1:colcon.colcon_core.environment:checking '/home/dev/final_trial/install/my_robot_bringup/lib/python3.10/site-packages'
[0.649s] Level 1:colcon.colcon_core.environment:checking '/home/dev/final_trial/install/my_robot_bringup/bin'
[0.649s] INFO:colcon.colcon_core.shell:Creating package script '/home/dev/final_trial/install/my_robot_bringup/share/my_robot_bringup/package.ps1'
[0.650s] INFO:colcon.colcon_core.shell:Creating package descriptor '/home/dev/final_trial/install/my_robot_bringup/share/my_robot_bringup/package.dsv'
[0.650s] INFO:colcon.colcon_core.shell:Creating package script '/home/dev/final_trial/install/my_robot_bringup/share/my_robot_bringup/package.sh'
[0.650s] INFO:colcon.colcon_core.shell:Creating package script '/home/dev/final_trial/install/my_robot_bringup/share/my_robot_bringup/package.bash'
[0.651s] INFO:colcon.colcon_core.shell:Creating package script '/home/dev/final_trial/install/my_robot_bringup/share/my_robot_bringup/package.zsh'
[0.651s] Level 1:colcon.colcon_core.environment:create_file_with_runtime_dependencies(/home/dev/final_trial/install/my_robot_bringup/share/colcon-core/packages/my_robot_bringup)
[0.651s] DEBUG:colcon.colcon_parallel_executor.executor.parallel:closing loop
[0.651s] DEBUG:colcon.colcon_parallel_executor.executor.parallel:loop closed
[0.651s] DEBUG:colcon.colcon_parallel_executor.executor.parallel:run_until_complete finished with '0'
[0.651s] DEBUG:colcon.colcon_core.event_reactor:joining thread
[0.656s] INFO:colcon.colcon_core.plugin_system:Skipping extension 'colcon_notification.desktop_notification.terminal_notifier': Not used on non-Darwin systems
[0.656s] INFO:colcon.colcon_core.plugin_system:Skipping extension 'colcon_notification.desktop_notification.win32': Not used on non-Windows systems
[0.656s] INFO:colcon.colcon_notification.desktop_notification:Sending desktop notification using 'notify2'
[0.670s] DEBUG:colcon.colcon_core.event_reactor:joined thread
[0.671s] INFO:colcon.colcon_core.shell:Creating prefix script '/home/dev/final_trial/install/local_setup.ps1'
[0.672s] INFO:colcon.colcon_core.shell:Creating prefix util module '/home/dev/final_trial/install/_local_setup_util_ps1.py'
[0.673s] INFO:colcon.colcon_core.shell:Creating prefix chain script '/home/dev/final_trial/install/setup.ps1'
[0.674s] INFO:colcon.colcon_core.shell:Creating prefix script '/home/dev/final_trial/install/local_setup.sh'
[0.675s] INFO:colcon.colcon_core.shell:Creating prefix util module '/home/dev/final_trial/install/_local_setup_util_sh.py'
[0.675s] INFO:colcon.colcon_core.shell:Creating prefix chain script '/home/dev/final_trial/install/setup.sh'
[0.676s] INFO:colcon.colcon_core.shell:Creating prefix script '/home/dev/final_trial/install/local_setup.bash'
[0.677s] INFO:colcon.colcon_core.shell:Creating prefix chain script '/home/dev/final_trial/install/setup.bash'
[0.678s] INFO:colcon.colcon_core.shell:Creating prefix script '/home/dev/final_trial/install/local_setup.zsh'
[0.678s] INFO:colcon.colcon_core.shell:Creating prefix chain script '/home/dev/final_trial/install/setup.zsh'
