[0.096s] DEBUG:colcon:Command line arguments: ['/usr/bin/colcon', 'build']
[0.096s] DEBUG:colcon:Parsed command line arguments: Namespace(log_base=None, log_level=None, verb_name='build', build_base='build', install_base='install', merge_install=False, symlink_install=False, test_result_base=None, continue_on_error=False, executor='parallel', parallel_workers=12, event_handlers=None, ignore_user_meta=False, metas=['./colcon.meta'], base_paths=['.'], packages_ignore=None, packages_ignore_regex=None, paths=None, packages_up_to=None, packages_up_to_regex=None, packages_above=None, packages_above_and_dependencies=None, packages_above_depth=None, packages_select_by_dep=None, packages_skip_by_dep=None, packages_skip_up_to=None, packages_select_build_failed=False, packages_skip_build_finished=False, packages_select_test_failures=False, packages_skip_test_passed=False, packages_select=None, packages_skip=None, packages_select_regex=None, packages_skip_regex=None, packages_start=None, packages_end=None, allow_overriding=[], cmake_args=None, cmake_target=None, cmake_target_skip_unavailable=False, cmake_clean_cache=False, cmake_clean_first=False, cmake_force_configure=False, ament_cmake_args=None, catkin_cmake_args=None, catkin_skip_building_tests=False, mixin_files=None, mixin=None, verb_parser=<colcon_mixin.mixin.mixin_argument.MixinArgumentDecorator object at 0x7f10d7253220>, verb_extension=<colcon_core.verb.build.BuildVerb object at 0x7f10d7252380>, main=<bound method BuildVerb.main of <colcon_core.verb.build.BuildVerb object at 0x7f10d7252380>>, mixin_verb=('build',))
[0.251s] Level 1:colcon.colcon_core.package_discovery:discover_packages(colcon_meta) check parameters
[0.251s] Level 1:colcon.colcon_core.package_discovery:discover_packages(recursive) check parameters
[0.251s] Level 1:colcon.colcon_core.package_discovery:discover_packages(ignore) check parameters
[0.251s] Level 1:colcon.colcon_core.package_discovery:discover_packages(path) check parameters
[0.251s] Level 1:colcon.colcon_core.package_discovery:discover_packages(colcon_meta) discover
[0.251s] Level 1:colcon.colcon_core.package_discovery:discover_packages(recursive) discover
[0.251s] INFO:colcon.colcon_core.package_discovery:Crawling recursively for packages in '/home/dev/final_trial'
[0.251s] Level 1:colcon.colcon_core.package_identification:_identify(.) by extensions ['ignore', 'ignore_ament_install']
[0.251s] Level 1:colcon.colcon_core.package_identification:_identify(.) by extension 'ignore'
[0.251s] Level 1:colcon.colcon_core.package_identification:_identify(.) by extension 'ignore_ament_install'
[0.252s] Level 1:colcon.colcon_core.package_identification:_identify(.) by extensions ['colcon_pkg']
[0.252s] Level 1:colcon.colcon_core.package_identification:_identify(.) by extension 'colcon_pkg'
[0.252s] Level 1:colcon.colcon_core.package_identification:_identify(.) by extensions ['colcon_meta']
[0.252s] Level 1:colcon.colcon_core.package_identification:_identify(.) by extension 'colcon_meta'
[0.252s] Level 1:colcon.colcon_core.package_identification:_identify(.) by extensions ['ros']
[0.252s] Level 1:colcon.colcon_core.package_identification:_identify(.) by extension 'ros'
[0.261s] Level 1:colcon.colcon_core.package_identification:_identify(.) by extensions ['cmake', 'python']
[0.261s] Level 1:colcon.colcon_core.package_identification:_identify(.) by extension 'cmake'
[0.261s] Level 1:colcon.colcon_core.package_identification:_identify(.) by extension 'python'
[0.261s] Level 1:colcon.colcon_core.package_identification:_identify(.) by extensions ['python_setup_py']
[0.261s] Level 1:colcon.colcon_core.package_identification:_identify(.) by extension 'python_setup_py'
[0.261s] Level 1:colcon.colcon_core.package_identification:_identify(build) by extensions ['ignore', 'ignore_ament_install']
[0.261s] Level 1:colcon.colcon_core.package_identification:_identify(build) by extension 'ignore'
[0.261s] Level 1:colcon.colcon_core.package_identification:_identify(build) ignored
[0.261s] Level 1:colcon.colcon_core.package_identification:_identify(install) by extensions ['ignore', 'ignore_ament_install']
[0.262s] Level 1:colcon.colcon_core.package_identification:_identify(install) by extension 'ignore'
[0.262s] Level 1:colcon.colcon_core.package_identification:_identify(install) ignored
[0.262s] Level 1:colcon.colcon_core.package_identification:_identify(log) by extensions ['ignore', 'ignore_ament_install']
[0.262s] Level 1:colcon.colcon_core.package_identification:_identify(log) by extension 'ignore'
[0.262s] Level 1:colcon.colcon_core.package_identification:_identify(log) ignored
[0.262s] Level 1:colcon.colcon_core.package_identification:_identify(src) by extensions ['ignore', 'ignore_ament_install']
[0.262s] Level 1:colcon.colcon_core.package_identification:_identify(src) by extension 'ignore'
[0.262s] Level 1:colcon.colcon_core.package_identification:_identify(src) by extension 'ignore_ament_install'
[0.262s] Level 1:colcon.colcon_core.package_identification:_identify(src) by extensions ['colcon_pkg']
[0.262s] Level 1:colcon.colcon_core.package_identification:_identify(src) by extension 'colcon_pkg'
[0.262s] Level 1:colcon.colcon_core.package_identification:_identify(src) by extensions ['colcon_meta']
[0.262s] Level 1:colcon.colcon_core.package_identification:_identify(src) by extension 'colcon_meta'
[0.262s] Level 1:colcon.colcon_core.package_identification:_identify(src) by extensions ['ros']
[0.262s] Level 1:colcon.colcon_core.package_identification:_identify(src) by extension 'ros'
[0.262s] Level 1:colcon.colcon_core.package_identification:_identify(src) by extensions ['cmake', 'python']
[0.262s] Level 1:colcon.colcon_core.package_identification:_identify(src) by extension 'cmake'
[0.262s] Level 1:colcon.colcon_core.package_identification:_identify(src) by extension 'python'
[0.262s] Level 1:colcon.colcon_core.package_identification:_identify(src) by extensions ['python_setup_py']
[0.262s] Level 1:colcon.colcon_core.package_identification:_identify(src) by extension 'python_setup_py'
[0.263s] Level 1:colcon.colcon_core.package_identification:_identify(src/my_robot_bringup) by extensions ['ignore', 'ignore_ament_install']
[0.263s] Level 1:colcon.colcon_core.package_identification:_identify(src/my_robot_bringup) by extension 'ignore'
[0.263s] Level 1:colcon.colcon_core.package_identification:_identify(src/my_robot_bringup) by extension 'ignore_ament_install'
[0.263s] Level 1:colcon.colcon_core.package_identification:_identify(src/my_robot_bringup) by extensions ['colcon_pkg']
[0.263s] Level 1:colcon.colcon_core.package_identification:_identify(src/my_robot_bringup) by extension 'colcon_pkg'
[0.263s] Level 1:colcon.colcon_core.package_identification:_identify(src/my_robot_bringup) by extensions ['colcon_meta']
[0.263s] Level 1:colcon.colcon_core.package_identification:_identify(src/my_robot_bringup) by extension 'colcon_meta'
[0.263s] Level 1:colcon.colcon_core.package_identification:_identify(src/my_robot_bringup) by extensions ['ros']
[0.263s] Level 1:colcon.colcon_core.package_identification:_identify(src/my_robot_bringup) by extension 'ros'
[0.265s] DEBUG:colcon.colcon_core.package_identification:Package 'src/my_robot_bringup' with type 'ros.ament_cmake' and name 'my_robot_bringup'
[0.265s] Level 1:colcon.colcon_core.package_identification:_identify(src/my_robot_description) by extensions ['ignore', 'ignore_ament_install']
[0.265s] Level 1:colcon.colcon_core.package_identification:_identify(src/my_robot_description) by extension 'ignore'
[0.266s] Level 1:colcon.colcon_core.package_identification:_identify(src/my_robot_description) by extension 'ignore_ament_install'
[0.266s] Level 1:colcon.colcon_core.package_identification:_identify(src/my_robot_description) by extensions ['colcon_pkg']
[0.266s] Level 1:colcon.colcon_core.package_identification:_identify(src/my_robot_description) by extension 'colcon_pkg'
[0.266s] Level 1:colcon.colcon_core.package_identification:_identify(src/my_robot_description) by extensions ['colcon_meta']
[0.266s] Level 1:colcon.colcon_core.package_identification:_identify(src/my_robot_description) by extension 'colcon_meta'
[0.266s] Level 1:colcon.colcon_core.package_identification:_identify(src/my_robot_description) by extensions ['ros']
[0.266s] Level 1:colcon.colcon_core.package_identification:_identify(src/my_robot_description) by extension 'ros'
[0.266s] DEBUG:colcon.colcon_core.package_identification:Package 'src/my_robot_description' with type 'ros.ament_cmake' and name 'my_robot_description'
[0.266s] Level 1:colcon.colcon_core.package_discovery:discover_packages(recursive) using defaults
[0.266s] Level 1:colcon.colcon_core.package_discovery:discover_packages(ignore) discover
[0.266s] Level 1:colcon.colcon_core.package_discovery:discover_packages(ignore) using defaults
[0.266s] Level 1:colcon.colcon_core.package_discovery:discover_packages(path) discover
[0.266s] Level 1:colcon.colcon_core.package_discovery:discover_packages(path) using defaults
[0.295s] Level 1:colcon.colcon_core.package_discovery:discover_packages(prefix_path) check parameters
[0.295s] Level 1:colcon.colcon_core.package_discovery:discover_packages(prefix_path) discover
[0.297s] DEBUG:colcon.colcon_installed_package_information.package_discovery:Found 2 installed packages in /home/dev/final_trial/install
[0.297s] DEBUG:colcon.colcon_installed_package_information.package_discovery:Found 1 installed packages in /home/dev/trial_ws/install
[0.299s] DEBUG:colcon.colcon_installed_package_information.package_discovery:Found 403 installed packages in /opt/ros/humble
[0.300s] Level 1:colcon.colcon_core.package_discovery:discover_packages(prefix_path) using defaults
[0.340s] Level 5:colcon.colcon_core.verb:set package 'my_robot_description' build argument 'cmake_args' from command line to 'None'
[0.340s] Level 5:colcon.colcon_core.verb:set package 'my_robot_description' build argument 'cmake_target' from command line to 'None'
[0.340s] Level 5:colcon.colcon_core.verb:set package 'my_robot_description' build argument 'cmake_target_skip_unavailable' from command line to 'False'
[0.340s] Level 5:colcon.colcon_core.verb:set package 'my_robot_description' build argument 'cmake_clean_cache' from command line to 'False'
[0.340s] Level 5:colcon.colcon_core.verb:set package 'my_robot_description' build argument 'cmake_clean_first' from command line to 'False'
[0.340s] Level 5:colcon.colcon_core.verb:set package 'my_robot_description' build argument 'cmake_force_configure' from command line to 'False'
[0.340s] Level 5:colcon.colcon_core.verb:set package 'my_robot_description' build argument 'ament_cmake_args' from command line to 'None'
[0.340s] Level 5:colcon.colcon_core.verb:set package 'my_robot_description' build argument 'catkin_cmake_args' from command line to 'None'
[0.341s] Level 5:colcon.colcon_core.verb:set package 'my_robot_description' build argument 'catkin_skip_building_tests' from command line to 'False'
[0.341s] DEBUG:colcon.colcon_core.verb:Building package 'my_robot_description' with the following arguments: {'ament_cmake_args': None, 'build_base': '/home/dev/final_trial/build/my_robot_description', 'catkin_cmake_args': None, 'catkin_skip_building_tests': False, 'cmake_args': None, 'cmake_clean_cache': False, 'cmake_clean_first': False, 'cmake_force_configure': False, 'cmake_target': None, 'cmake_target_skip_unavailable': False, 'install_base': '/home/dev/final_trial/install/my_robot_description', 'merge_install': False, 'path': '/home/dev/final_trial/src/my_robot_description', 'symlink_install': False, 'test_result_base': None}
[0.341s] Level 5:colcon.colcon_core.verb:set package 'my_robot_bringup' build argument 'cmake_args' from command line to 'None'
[0.341s] Level 5:colcon.colcon_core.verb:set package 'my_robot_bringup' build argument 'cmake_target' from command line to 'None'
[0.341s] Level 5:colcon.colcon_core.verb:set package 'my_robot_bringup' build argument 'cmake_target_skip_unavailable' from command line to 'False'
[0.341s] Level 5:colcon.colcon_core.verb:set package 'my_robot_bringup' build argument 'cmake_clean_cache' from command line to 'False'
[0.341s] Level 5:colcon.colcon_core.verb:set package 'my_robot_bringup' build argument 'cmake_clean_first' from command line to 'False'
[0.341s] Level 5:colcon.colcon_core.verb:set package 'my_robot_bringup' build argument 'cmake_force_configure' from command line to 'False'
[0.341s] Level 5:colcon.colcon_core.verb:set package 'my_robot_bringup' build argument 'ament_cmake_args' from command line to 'None'
[0.341s] Level 5:colcon.colcon_core.verb:set package 'my_robot_bringup' build argument 'catkin_cmake_args' from command line to 'None'
[0.341s] Level 5:colcon.colcon_core.verb:set package 'my_robot_bringup' build argument 'catkin_skip_building_tests' from command line to 'False'
[0.341s] DEBUG:colcon.colcon_core.verb:Building package 'my_robot_bringup' with the following arguments: {'ament_cmake_args': None, 'build_base': '/home/dev/final_trial/build/my_robot_bringup', 'catkin_cmake_args': None, 'catkin_skip_building_tests': False, 'cmake_args': None, 'cmake_clean_cache': False, 'cmake_clean_first': False, 'cmake_force_configure': False, 'cmake_target': None, 'cmake_target_skip_unavailable': False, 'install_base': '/home/dev/final_trial/install/my_robot_bringup', 'merge_install': False, 'path': '/home/dev/final_trial/src/my_robot_bringup', 'symlink_install': False, 'test_result_base': None}
[0.341s] INFO:colcon.colcon_core.executor:Executing jobs using 'parallel' executor
[0.342s] DEBUG:colcon.colcon_parallel_executor.executor.parallel:run_until_complete
[0.342s] INFO:colcon.colcon_ros.task.ament_cmake.build:Building ROS package in '/home/dev/final_trial/src/my_robot_description' with build type 'ament_cmake'
[0.342s] INFO:colcon.colcon_cmake.task.cmake.build:Building CMake package in '/home/dev/final_trial/src/my_robot_description'
[0.344s] INFO:colcon.colcon_core.plugin_system:Skipping extension 'colcon_core.shell.bat': Not used on non-Windows systems
[0.344s] INFO:colcon.colcon_core.shell:Skip shell extension 'powershell' for command environment: Not usable outside of PowerShell
[0.344s] DEBUG:colcon.colcon_core.shell:Skip shell extension 'dsv' for command environment
[0.357s] DEBUG:colcon.colcon_core.event_handler.log_command:Invoking command in '/home/dev/final_trial/build/my_robot_description': CMAKE_PREFIX_PATH=${CMAKE_PREFIX_PATH}:/opt/ros/humble /usr/bin/cmake --build /home/dev/final_trial/build/my_robot_description -- -j12 -l12
[0.411s] DEBUG:colcon.colcon_core.event_handler.log_command:Invoked command in '/home/dev/final_trial/build/my_robot_description' returned '0': CMAKE_PREFIX_PATH=${CMAKE_PREFIX_PATH}:/opt/ros/humble /usr/bin/cmake --build /home/dev/final_trial/build/my_robot_description -- -j12 -l12
[0.494s] DEBUG:colcon.colcon_core.event_handler.log_command:Invoking command in '/home/dev/final_trial/build/my_robot_description': CMAKE_PREFIX_PATH=${CMAKE_PREFIX_PATH}:/opt/ros/humble /usr/bin/cmake --install /home/dev/final_trial/build/my_robot_description
[0.522s] Level 1:colcon.colcon_core.environment:create_environment_scripts_only(my_robot_description)
[0.523s] DEBUG:colcon.colcon_core.event_handler.log_command:Invoked command in '/home/dev/final_trial/build/my_robot_description' returned '0': CMAKE_PREFIX_PATH=${CMAKE_PREFIX_PATH}:/opt/ros/humble /usr/bin/cmake --install /home/dev/final_trial/build/my_robot_description
[0.525s] Level 1:colcon.colcon_core.environment:checking '/home/dev/final_trial/install/my_robot_description' for CMake module files
[0.525s] Level 1:colcon.colcon_core.environment:checking '/home/dev/final_trial/install/my_robot_description' for CMake config files
[0.525s] Level 1:colcon.colcon_core.shell:create_environment_hook('my_robot_description', 'cmake_prefix_path')
[0.526s] INFO:colcon.colcon_core.shell:Creating environment hook '/home/dev/final_trial/install/my_robot_description/share/my_robot_description/hook/cmake_prefix_path.ps1'
[0.526s] INFO:colcon.colcon_core.shell:Creating environment descriptor '/home/dev/final_trial/install/my_robot_description/share/my_robot_description/hook/cmake_prefix_path.dsv'
[0.526s] INFO:colcon.colcon_core.shell:Creating environment hook '/home/dev/final_trial/install/my_robot_description/share/my_robot_description/hook/cmake_prefix_path.sh'
[0.527s] Level 1:colcon.colcon_core.environment:checking '/home/dev/final_trial/install/my_robot_description/bin'
[0.527s] Level 1:colcon.colcon_core.environment:checking '/home/dev/final_trial/install/my_robot_description/lib/pkgconfig/my_robot_description.pc'
[0.527s] Level 1:colcon.colcon_core.environment:checking '/home/dev/final_trial/install/my_robot_description/lib/python3.10/site-packages'
[0.527s] Level 1:colcon.colcon_core.environment:checking '/home/dev/final_trial/install/my_robot_description/bin'
[0.528s] INFO:colcon.colcon_core.shell:Creating package script '/home/dev/final_trial/install/my_robot_description/share/my_robot_description/package.ps1'
[0.528s] INFO:colcon.colcon_core.shell:Creating package descriptor '/home/dev/final_trial/install/my_robot_description/share/my_robot_description/package.dsv'
[0.529s] INFO:colcon.colcon_core.shell:Creating package script '/home/dev/final_trial/install/my_robot_description/share/my_robot_description/package.sh'
[0.530s] INFO:colcon.colcon_core.shell:Creating package script '/home/dev/final_trial/install/my_robot_description/share/my_robot_description/package.bash'
[0.531s] INFO:colcon.colcon_core.shell:Creating package script '/home/dev/final_trial/install/my_robot_description/share/my_robot_description/package.zsh'
[0.533s] Level 1:colcon.colcon_core.environment:create_file_with_runtime_dependencies(/home/dev/final_trial/install/my_robot_description/share/colcon-core/packages/my_robot_description)
[0.579s] Level 1:colcon.colcon_core.environment:create_environment_scripts_only(my_robot_description)
[0.579s] Level 1:colcon.colcon_core.environment:checking '/home/dev/final_trial/install/my_robot_description' for CMake module files
[0.580s] Level 1:colcon.colcon_core.environment:checking '/home/dev/final_trial/install/my_robot_description' for CMake config files
[0.581s] Level 1:colcon.colcon_core.shell:create_environment_hook('my_robot_description', 'cmake_prefix_path')
[0.582s] INFO:colcon.colcon_core.shell:Creating environment hook '/home/dev/final_trial/install/my_robot_description/share/my_robot_description/hook/cmake_prefix_path.ps1'
[0.583s] INFO:colcon.colcon_core.shell:Creating environment descriptor '/home/dev/final_trial/install/my_robot_description/share/my_robot_description/hook/cmake_prefix_path.dsv'
[0.583s] INFO:colcon.colcon_core.shell:Creating environment hook '/home/dev/final_trial/install/my_robot_description/share/my_robot_description/hook/cmake_prefix_path.sh'
[0.584s] Level 1:colcon.colcon_core.environment:checking '/home/dev/final_trial/install/my_robot_description/bin'
[0.584s] Level 1:colcon.colcon_core.environment:checking '/home/dev/final_trial/install/my_robot_description/lib/pkgconfig/my_robot_description.pc'
[0.585s] Level 1:colcon.colcon_core.environment:checking '/home/dev/final_trial/install/my_robot_description/lib/python3.10/site-packages'
[0.585s] Level 1:colcon.colcon_core.environment:checking '/home/dev/final_trial/install/my_robot_description/bin'
[0.586s] INFO:colcon.colcon_core.shell:Creating package script '/home/dev/final_trial/install/my_robot_description/share/my_robot_description/package.ps1'
[0.587s] INFO:colcon.colcon_core.shell:Creating package descriptor '/home/dev/final_trial/install/my_robot_description/share/my_robot_description/package.dsv'
[0.588s] INFO:colcon.colcon_core.shell:Creating package script '/home/dev/final_trial/install/my_robot_description/share/my_robot_description/package.sh'
[0.588s] INFO:colcon.colcon_core.shell:Creating package script '/home/dev/final_trial/install/my_robot_description/share/my_robot_description/package.bash'
[0.589s] INFO:colcon.colcon_core.shell:Creating package script '/home/dev/final_trial/install/my_robot_description/share/my_robot_description/package.zsh'
[0.590s] Level 1:colcon.colcon_core.environment:create_file_with_runtime_dependencies(/home/dev/final_trial/install/my_robot_description/share/colcon-core/packages/my_robot_description)
[0.591s] INFO:colcon.colcon_ros.task.ament_cmake.build:Building ROS package in '/home/dev/final_trial/src/my_robot_bringup' with build type 'ament_cmake'
[0.591s] INFO:colcon.colcon_cmake.task.cmake.build:Building CMake package in '/home/dev/final_trial/src/my_robot_bringup'
[0.591s] INFO:colcon.colcon_core.shell:Skip shell extension 'powershell' for command environment: Not usable outside of PowerShell
[0.591s] DEBUG:colcon.colcon_core.shell:Skip shell extension 'dsv' for command environment
[0.611s] DEBUG:colcon.colcon_core.event_handler.log_command:Invoking command in '/home/dev/final_trial/build/my_robot_bringup': CMAKE_PREFIX_PATH=/home/dev/final_trial/install/my_robot_description:/home/dev/final_trial/install/my_robot_bringup:/home/dev/trial_ws/install/bot_desription:/opt/ros/humble /usr/bin/cmake --build /home/dev/final_trial/build/my_robot_bringup -- -j12 -l12
[0.668s] DEBUG:colcon.colcon_core.event_handler.log_command:Invoked command in '/home/dev/final_trial/build/my_robot_bringup' returned '0': CMAKE_PREFIX_PATH=/home/dev/final_trial/install/my_robot_description:/home/dev/final_trial/install/my_robot_bringup:/home/dev/trial_ws/install/bot_desription:/opt/ros/humble /usr/bin/cmake --build /home/dev/final_trial/build/my_robot_bringup -- -j12 -l12
[0.714s] DEBUG:colcon.colcon_core.event_handler.log_command:Invoking command in '/home/dev/final_trial/build/my_robot_bringup': CMAKE_PREFIX_PATH=/home/dev/final_trial/install/my_robot_description:/home/dev/final_trial/install/my_robot_bringup:/home/dev/trial_ws/install/bot_desription:/opt/ros/humble /usr/bin/cmake --install /home/dev/final_trial/build/my_robot_bringup
[0.726s] Level 1:colcon.colcon_core.environment:create_environment_scripts_only(my_robot_bringup)
[0.726s] DEBUG:colcon.colcon_core.event_handler.log_command:Invoked command in '/home/dev/final_trial/build/my_robot_bringup' returned '0': CMAKE_PREFIX_PATH=/home/dev/final_trial/install/my_robot_description:/home/dev/final_trial/install/my_robot_bringup:/home/dev/trial_ws/install/bot_desription:/opt/ros/humble /usr/bin/cmake --install /home/dev/final_trial/build/my_robot_bringup
[0.726s] Level 1:colcon.colcon_core.environment:checking '/home/dev/final_trial/install/my_robot_bringup' for CMake module files
[0.727s] Level 1:colcon.colcon_core.environment:checking '/home/dev/final_trial/install/my_robot_bringup' for CMake config files
[0.728s] Level 1:colcon.colcon_core.shell:create_environment_hook('my_robot_bringup', 'cmake_prefix_path')
[0.728s] INFO:colcon.colcon_core.shell:Creating environment hook '/home/dev/final_trial/install/my_robot_bringup/share/my_robot_bringup/hook/cmake_prefix_path.ps1'
[0.729s] INFO:colcon.colcon_core.shell:Creating environment descriptor '/home/dev/final_trial/install/my_robot_bringup/share/my_robot_bringup/hook/cmake_prefix_path.dsv'
[0.729s] INFO:colcon.colcon_core.shell:Creating environment hook '/home/dev/final_trial/install/my_robot_bringup/share/my_robot_bringup/hook/cmake_prefix_path.sh'
[0.730s] Level 1:colcon.colcon_core.environment:checking '/home/dev/final_trial/install/my_robot_bringup/bin'
[0.730s] Level 1:colcon.colcon_core.environment:checking '/home/dev/final_trial/install/my_robot_bringup/lib/pkgconfig/my_robot_bringup.pc'
[0.731s] Level 1:colcon.colcon_core.environment:checking '/home/dev/final_trial/install/my_robot_bringup/lib/python3.10/site-packages'
[0.731s] Level 1:colcon.colcon_core.environment:checking '/home/dev/final_trial/install/my_robot_bringup/bin'
[0.732s] INFO:colcon.colcon_core.shell:Creating package script '/home/dev/final_trial/install/my_robot_bringup/share/my_robot_bringup/package.ps1'
[0.732s] INFO:colcon.colcon_core.shell:Creating package descriptor '/home/dev/final_trial/install/my_robot_bringup/share/my_robot_bringup/package.dsv'
[0.733s] INFO:colcon.colcon_core.shell:Creating package script '/home/dev/final_trial/install/my_robot_bringup/share/my_robot_bringup/package.sh'
[0.734s] INFO:colcon.colcon_core.shell:Creating package script '/home/dev/final_trial/install/my_robot_bringup/share/my_robot_bringup/package.bash'
[0.734s] INFO:colcon.colcon_core.shell:Creating package script '/home/dev/final_trial/install/my_robot_bringup/share/my_robot_bringup/package.zsh'
[0.735s] Level 1:colcon.colcon_core.environment:create_file_with_runtime_dependencies(/home/dev/final_trial/install/my_robot_bringup/share/colcon-core/packages/my_robot_bringup)
[0.781s] Level 1:colcon.colcon_core.environment:create_environment_scripts_only(my_robot_bringup)
[0.781s] Level 1:colcon.colcon_core.environment:checking '/home/dev/final_trial/install/my_robot_bringup' for CMake module files
[0.782s] Level 1:colcon.colcon_core.environment:checking '/home/dev/final_trial/install/my_robot_bringup' for CMake config files
[0.782s] Level 1:colcon.colcon_core.shell:create_environment_hook('my_robot_bringup', 'cmake_prefix_path')
[0.783s] INFO:colcon.colcon_core.shell:Creating environment hook '/home/dev/final_trial/install/my_robot_bringup/share/my_robot_bringup/hook/cmake_prefix_path.ps1'
[0.783s] INFO:colcon.colcon_core.shell:Creating environment descriptor '/home/dev/final_trial/install/my_robot_bringup/share/my_robot_bringup/hook/cmake_prefix_path.dsv'
[0.784s] INFO:colcon.colcon_core.shell:Creating environment hook '/home/dev/final_trial/install/my_robot_bringup/share/my_robot_bringup/hook/cmake_prefix_path.sh'
[0.785s] Level 1:colcon.colcon_core.environment:checking '/home/dev/final_trial/install/my_robot_bringup/bin'
[0.785s] Level 1:colcon.colcon_core.environment:checking '/home/dev/final_trial/install/my_robot_bringup/lib/pkgconfig/my_robot_bringup.pc'
[0.785s] Level 1:colcon.colcon_core.environment:checking '/home/dev/final_trial/install/my_robot_bringup/lib/python3.10/site-packages'
[0.785s] Level 1:colcon.colcon_core.environment:checking '/home/dev/final_trial/install/my_robot_bringup/bin'
[0.786s] INFO:colcon.colcon_core.shell:Creating package script '/home/dev/final_trial/install/my_robot_bringup/share/my_robot_bringup/package.ps1'
[0.787s] INFO:colcon.colcon_core.shell:Creating package descriptor '/home/dev/final_trial/install/my_robot_bringup/share/my_robot_bringup/package.dsv'
[0.787s] INFO:colcon.colcon_core.shell:Creating package script '/home/dev/final_trial/install/my_robot_bringup/share/my_robot_bringup/package.sh'
[0.788s] INFO:colcon.colcon_core.shell:Creating package script '/home/dev/final_trial/install/my_robot_bringup/share/my_robot_bringup/package.bash'
[0.789s] INFO:colcon.colcon_core.shell:Creating package script '/home/dev/final_trial/install/my_robot_bringup/share/my_robot_bringup/package.zsh'
[0.789s] Level 1:colcon.colcon_core.environment:create_file_with_runtime_dependencies(/home/dev/final_trial/install/my_robot_bringup/share/colcon-core/packages/my_robot_bringup)
[0.790s] DEBUG:colcon.colcon_parallel_executor.executor.parallel:closing loop
[0.790s] DEBUG:colcon.colcon_parallel_executor.executor.parallel:loop closed
[0.790s] DEBUG:colcon.colcon_parallel_executor.executor.parallel:run_until_complete finished with '0'
[0.790s] DEBUG:colcon.colcon_core.event_reactor:joining thread
[0.801s] INFO:colcon.colcon_core.plugin_system:Skipping extension 'colcon_notification.desktop_notification.terminal_notifier': Not used on non-Darwin systems
[0.802s] INFO:colcon.colcon_core.plugin_system:Skipping extension 'colcon_notification.desktop_notification.win32': Not used on non-Windows systems
[0.802s] INFO:colcon.colcon_notification.desktop_notification:Sending desktop notification using 'notify2'
[0.814s] DEBUG:colcon.colcon_core.event_reactor:joined thread
[0.815s] INFO:colcon.colcon_core.shell:Creating prefix script '/home/dev/final_trial/install/local_setup.ps1'
[0.817s] INFO:colcon.colcon_core.shell:Creating prefix util module '/home/dev/final_trial/install/_local_setup_util_ps1.py'
[0.820s] INFO:colcon.colcon_core.shell:Creating prefix chain script '/home/dev/final_trial/install/setup.ps1'
[0.822s] INFO:colcon.colcon_core.shell:Creating prefix script '/home/dev/final_trial/install/local_setup.sh'
[0.823s] INFO:colcon.colcon_core.shell:Creating prefix util module '/home/dev/final_trial/install/_local_setup_util_sh.py'
[0.824s] INFO:colcon.colcon_core.shell:Creating prefix chain script '/home/dev/final_trial/install/setup.sh'
[0.826s] INFO:colcon.colcon_core.shell:Creating prefix script '/home/dev/final_trial/install/local_setup.bash'
[0.827s] INFO:colcon.colcon_core.shell:Creating prefix chain script '/home/dev/final_trial/install/setup.bash'
[0.828s] INFO:colcon.colcon_core.shell:Creating prefix script '/home/dev/final_trial/install/local_setup.zsh'
[0.829s] INFO:colcon.colcon_core.shell:Creating prefix chain script '/home/dev/final_trial/install/setup.zsh'
