-- Install configuration: ""
-- Up-to-date: /home/dev/dev_ws/install/bot_description/share/bot_description//urdf
-- Up-to-date: /home/dev/dev_ws/install/bot_description/share/bot_description//urdf/lidar.xacro
-- Up-to-date: /home/dev/dev_ws/install/bot_description/share/bot_description//urdf/camera.xacro
-- Up-to-date: /home/dev/dev_ws/install/bot_description/share/bot_description//urdf/common_properties.xacro
-- Up-to-date: /home/dev/dev_ws/install/bot_description/share/bot_description//urdf/mobile_base_gazebo.xacro
-- Up-to-date: /home/dev/dev_ws/install/bot_description/share/bot_description//urdf/my_robot.urdf.xacro
-- Up-to-date: /home/dev/dev_ws/install/bot_description/share/bot_description//urdf/mobile_base.xacro
-- Up-to-date: /home/dev/dev_ws/install/bot_description/share/bot_description//launch
-- Up-to-date: /home/dev/dev_ws/install/bot_description/share/bot_description//launch/rviz.launch.py
-- Up-to-date: /home/dev/dev_ws/install/bot_description/share/bot_description//launch/lidar_0_to_120.py
-- Up-to-date: /home/dev/dev_ws/install/bot_description/share/bot_description//launch/display.launch.xml
-- Up-to-date: /home/dev/dev_ws/install/bot_description/share/bot_description//rviz
-- Up-to-date: /home/dev/dev_ws/install/bot_description/share/bot_description//rviz/urdf_config.rviz
-- Up-to-date: /home/dev/dev_ws/install/bot_description/share/ament_index/resource_index/package_run_dependencies/bot_description
-- Up-to-date: /home/dev/dev_ws/install/bot_description/share/ament_index/resource_index/parent_prefix_path/bot_description
-- Up-to-date: /home/dev/dev_ws/install/bot_description/share/bot_description/environment/ament_prefix_path.sh
-- Up-to-date: /home/dev/dev_ws/install/bot_description/share/bot_description/environment/ament_prefix_path.dsv
-- Up-to-date: /home/dev/dev_ws/install/bot_description/share/bot_description/environment/path.sh
-- Up-to-date: /home/dev/dev_ws/install/bot_description/share/bot_description/environment/path.dsv
-- Up-to-date: /home/dev/dev_ws/install/bot_description/share/bot_description/local_setup.bash
-- Up-to-date: /home/dev/dev_ws/install/bot_description/share/bot_description/local_setup.sh
-- Up-to-date: /home/dev/dev_ws/install/bot_description/share/bot_description/local_setup.zsh
-- Up-to-date: /home/dev/dev_ws/install/bot_description/share/bot_description/local_setup.dsv
-- Up-to-date: /home/dev/dev_ws/install/bot_description/share/bot_description/package.dsv
-- Up-to-date: /home/dev/dev_ws/install/bot_description/share/ament_index/resource_index/packages/bot_description
-- Up-to-date: /home/dev/dev_ws/install/bot_description/share/bot_description/cmake/bot_descriptionConfig.cmake
-- Up-to-date: /home/dev/dev_ws/install/bot_description/share/bot_description/cmake/bot_descriptionConfig-version.cmake
-- Up-to-date: /home/dev/dev_ws/install/bot_description/share/bot_description/package.xml
