running egg_info
creating ../../build/bot_control/bot_control.egg-info
writing ../../build/bot_control/bot_control.egg-info/PKG-INFO
writing dependency_links to ../../build/bot_control/bot_control.egg-info/dependency_links.txt
writing entry points to ../../build/bot_control/bot_control.egg-info/entry_points.txt
writing requirements to ../../build/bot_control/bot_control.egg-info/requires.txt
writing top-level names to ../../build/bot_control/bot_control.egg-info/top_level.txt
writing manifest file '../../build/bot_control/bot_control.egg-info/SOURCES.txt'
reading manifest file '../../build/bot_control/bot_control.egg-info/SOURCES.txt'
writing manifest file '../../build/bot_control/bot_control.egg-info/SOURCES.txt'
running build
running build_py
creating /home/dev/dev_ws/build/bot_control/build
creating /home/dev/dev_ws/build/bot_control/build/lib
creating /home/dev/dev_ws/build/bot_control/build/lib/bot_control
copying bot_control/__init__.py -> /home/dev/dev_ws/build/bot_control/build/lib/bot_control
copying bot_control/reading_laser.py -> /home/dev/dev_ws/build/bot_control/build/lib/bot_control
running install
running install_lib
creating /home/dev/dev_ws/install/bot_control/lib/python3.10/site-packages/bot_control
copying /home/dev/dev_ws/build/bot_control/build/lib/bot_control/__init__.py -> /home/dev/dev_ws/install/bot_control/lib/python3.10/site-packages/bot_control
copying /home/dev/dev_ws/build/bot_control/build/lib/bot_control/reading_laser.py -> /home/dev/dev_ws/install/bot_control/lib/python3.10/site-packages/bot_control
byte-compiling /home/dev/dev_ws/install/bot_control/lib/python3.10/site-packages/bot_control/__init__.py to __init__.cpython-310.pyc
byte-compiling /home/dev/dev_ws/install/bot_control/lib/python3.10/site-packages/bot_control/reading_laser.py to reading_laser.cpython-310.pyc
running install_data
creating /home/dev/dev_ws/install/bot_control/share/ament_index
creating /home/dev/dev_ws/install/bot_control/share/ament_index/resource_index
creating /home/dev/dev_ws/install/bot_control/share/ament_index/resource_index/packages
copying resource/bot_control -> /home/dev/dev_ws/install/bot_control/share/ament_index/resource_index/packages
copying package.xml -> /home/dev/dev_ws/install/bot_control/share/bot_control
running install_egg_info
Copying ../../build/bot_control/bot_control.egg-info to /home/dev/dev_ws/install/bot_control/lib/python3.10/site-packages/bot_control-0.0.0-py3.10.egg-info
running install_scripts
writing list of installed files to '/home/dev/dev_ws/build/bot_control/install.log'
