[0.211s] DEBUG:colcon:Command line arguments: ['/usr/bin/colcon', 'build']
[0.211s] DEBUG:colcon:Parsed command line arguments: Namespace(log_base=None, log_level=None, verb_name='build', build_base='build', install_base='install', merge_install=False, symlink_install=False, test_result_base=None, continue_on_error=False, executor='parallel', parallel_workers=12, event_handlers=None, ignore_user_meta=False, metas=['./colcon.meta'], base_paths=['.'], packages_ignore=None, packages_ignore_regex=None, paths=None, packages_up_to=None, packages_up_to_regex=None, packages_above=None, packages_above_and_dependencies=None, packages_above_depth=None, packages_select_by_dep=None, packages_skip_by_dep=None, packages_skip_up_to=None, packages_select_build_failed=False, packages_skip_build_finished=False, packages_select_test_failures=False, packages_skip_test_passed=False, packages_select=None, packages_skip=None, packages_select_regex=None, packages_skip_regex=None, packages_start=None, packages_end=None, allow_overriding=[], cmake_args=None, cmake_target=None, cmake_target_skip_unavailable=False, cmake_clean_cache=False, cmake_clean_first=False, cmake_force_configure=False, ament_cmake_args=None, catkin_cmake_args=None, catkin_skip_building_tests=False, mixin_files=None, mixin=None, verb_parser=<colcon_mixin.mixin.mixin_argument.MixinArgumentDecorator object at 0x758aa9657220>, verb_extension=<colcon_core.verb.build.BuildVerb object at 0x758aa9656380>, main=<bound method BuildVerb.main of <colcon_core.verb.build.BuildVerb object at 0x758aa9656380>>, mixin_verb=('build',))
[0.521s] Level 1:colcon.colcon_core.package_discovery:discover_packages(colcon_meta) check parameters
[0.521s] Level 1:colcon.colcon_core.package_discovery:discover_packages(recursive) check parameters
[0.521s] Level 1:colcon.colcon_core.package_discovery:discover_packages(ignore) check parameters
[0.521s] Level 1:colcon.colcon_core.package_discovery:discover_packages(path) check parameters
[0.521s] Level 1:colcon.colcon_core.package_discovery:discover_packages(colcon_meta) discover
[0.521s] Level 1:colcon.colcon_core.package_discovery:discover_packages(recursive) discover
[0.521s] INFO:colcon.colcon_core.package_discovery:Crawling recursively for packages in '/home/dev/final_trial'
[0.521s] Level 1:colcon.colcon_core.package_identification:_identify(.) by extensions ['ignore', 'ignore_ament_install']
[0.522s] Level 1:colcon.colcon_core.package_identification:_identify(.) by extension 'ignore'
[0.522s] Level 1:colcon.colcon_core.package_identification:_identify(.) by extension 'ignore_ament_install'
[0.522s] Level 1:colcon.colcon_core.package_identification:_identify(.) by extensions ['colcon_pkg']
[0.522s] Level 1:colcon.colcon_core.package_identification:_identify(.) by extension 'colcon_pkg'
[0.522s] Level 1:colcon.colcon_core.package_identification:_identify(.) by extensions ['colcon_meta']
[0.522s] Level 1:colcon.colcon_core.package_identification:_identify(.) by extension 'colcon_meta'
[0.522s] Level 1:colcon.colcon_core.package_identification:_identify(.) by extensions ['ros']
[0.522s] Level 1:colcon.colcon_core.package_identification:_identify(.) by extension 'ros'
[0.553s] Level 1:colcon.colcon_core.package_identification:_identify(.) by extensions ['cmake', 'python']
[0.554s] Level 1:colcon.colcon_core.package_identification:_identify(.) by extension 'cmake'
[0.554s] Level 1:colcon.colcon_core.package_identification:_identify(.) by extension 'python'
[0.554s] Level 1:colcon.colcon_core.package_identification:_identify(.) by extensions ['python_setup_py']
[0.554s] Level 1:colcon.colcon_core.package_identification:_identify(.) by extension 'python_setup_py'
[0.554s] Level 1:colcon.colcon_core.package_identification:_identify(build) by extensions ['ignore', 'ignore_ament_install']
[0.554s] Level 1:colcon.colcon_core.package_identification:_identify(build) by extension 'ignore'
[0.554s] Level 1:colcon.colcon_core.package_identification:_identify(build) ignored
[0.555s] Level 1:colcon.colcon_core.package_identification:_identify(install) by extensions ['ignore', 'ignore_ament_install']
[0.555s] Level 1:colcon.colcon_core.package_identification:_identify(install) by extension 'ignore'
[0.555s] Level 1:colcon.colcon_core.package_identification:_identify(install) ignored
[0.555s] Level 1:colcon.colcon_core.package_identification:_identify(log) by extensions ['ignore', 'ignore_ament_install']
[0.555s] Level 1:colcon.colcon_core.package_identification:_identify(log) by extension 'ignore'
[0.555s] Level 1:colcon.colcon_core.package_identification:_identify(log) ignored
[0.555s] Level 1:colcon.colcon_core.package_identification:_identify(src) by extensions ['ignore', 'ignore_ament_install']
[0.555s] Level 1:colcon.colcon_core.package_identification:_identify(src) by extension 'ignore'
[0.555s] Level 1:colcon.colcon_core.package_identification:_identify(src) by extension 'ignore_ament_install'
[0.555s] Level 1:colcon.colcon_core.package_identification:_identify(src) by extensions ['colcon_pkg']
[0.555s] Level 1:colcon.colcon_core.package_identification:_identify(src) by extension 'colcon_pkg'
[0.555s] Level 1:colcon.colcon_core.package_identification:_identify(src) by extensions ['colcon_meta']
[0.555s] Level 1:colcon.colcon_core.package_identification:_identify(src) by extension 'colcon_meta'
[0.556s] Level 1:colcon.colcon_core.package_identification:_identify(src) by extensions ['ros']
[0.556s] Level 1:colcon.colcon_core.package_identification:_identify(src) by extension 'ros'
[0.556s] Level 1:colcon.colcon_core.package_identification:_identify(src) by extensions ['cmake', 'python']
[0.556s] Level 1:colcon.colcon_core.package_identification:_identify(src) by extension 'cmake'
[0.556s] Level 1:colcon.colcon_core.package_identification:_identify(src) by extension 'python'
[0.556s] Level 1:colcon.colcon_core.package_identification:_identify(src) by extensions ['python_setup_py']
[0.556s] Level 1:colcon.colcon_core.package_identification:_identify(src) by extension 'python_setup_py'
[0.556s] Level 1:colcon.colcon_core.package_identification:_identify(src/my_robot_bringup) by extensions ['ignore', 'ignore_ament_install']
[0.556s] Level 1:colcon.colcon_core.package_identification:_identify(src/my_robot_bringup) by extension 'ignore'
[0.556s] Level 1:colcon.colcon_core.package_identification:_identify(src/my_robot_bringup) by extension 'ignore_ament_install'
[0.556s] Level 1:colcon.colcon_core.package_identification:_identify(src/my_robot_bringup) by extensions ['colcon_pkg']
[0.556s] Level 1:colcon.colcon_core.package_identification:_identify(src/my_robot_bringup) by extension 'colcon_pkg'
[0.556s] Level 1:colcon.colcon_core.package_identification:_identify(src/my_robot_bringup) by extensions ['colcon_meta']
[0.556s] Level 1:colcon.colcon_core.package_identification:_identify(src/my_robot_bringup) by extension 'colcon_meta'
[0.556s] Level 1:colcon.colcon_core.package_identification:_identify(src/my_robot_bringup) by extensions ['ros']
[0.556s] Level 1:colcon.colcon_core.package_identification:_identify(src/my_robot_bringup) by extension 'ros'
[0.560s] DEBUG:colcon.colcon_core.package_identification:Package 'src/my_robot_bringup' with type 'ros.ament_cmake' and name 'my_robot_bringup'
[0.561s] Level 1:colcon.colcon_core.package_identification:_identify(src/my_robot_description) by extensions ['ignore', 'ignore_ament_install']
[0.561s] Level 1:colcon.colcon_core.package_identification:_identify(src/my_robot_description) by extension 'ignore'
[0.561s] Level 1:colcon.colcon_core.package_identification:_identify(src/my_robot_description) by extension 'ignore_ament_install'
[0.561s] Level 1:colcon.colcon_core.package_identification:_identify(src/my_robot_description) by extensions ['colcon_pkg']
[0.561s] Level 1:colcon.colcon_core.package_identification:_identify(src/my_robot_description) by extension 'colcon_pkg'
[0.561s] Level 1:colcon.colcon_core.package_identification:_identify(src/my_robot_description) by extensions ['colcon_meta']
[0.561s] Level 1:colcon.colcon_core.package_identification:_identify(src/my_robot_description) by extension 'colcon_meta'
[0.561s] Level 1:colcon.colcon_core.package_identification:_identify(src/my_robot_description) by extensions ['ros']
[0.561s] Level 1:colcon.colcon_core.package_identification:_identify(src/my_robot_description) by extension 'ros'
[0.562s] DEBUG:colcon.colcon_core.package_identification:Package 'src/my_robot_description' with type 'ros.ament_cmake' and name 'my_robot_description'
[0.562s] Level 1:colcon.colcon_core.package_discovery:discover_packages(recursive) using defaults
[0.562s] Level 1:colcon.colcon_core.package_discovery:discover_packages(ignore) discover
[0.562s] Level 1:colcon.colcon_core.package_discovery:discover_packages(ignore) using defaults
[0.562s] Level 1:colcon.colcon_core.package_discovery:discover_packages(path) discover
[0.562s] Level 1:colcon.colcon_core.package_discovery:discover_packages(path) using defaults
[0.625s] Level 1:colcon.colcon_core.package_discovery:discover_packages(prefix_path) check parameters
[0.625s] Level 1:colcon.colcon_core.package_discovery:discover_packages(prefix_path) discover
[0.628s] DEBUG:colcon.colcon_installed_package_information.package_discovery:Found 2 installed packages in /home/dev/final_trial/install
[0.628s] DEBUG:colcon.colcon_installed_package_information.package_discovery:Found 1 installed packages in /home/dev/trial_ws/install
[0.631s] DEBUG:colcon.colcon_installed_package_information.package_discovery:Found 403 installed packages in /opt/ros/humble
[0.634s] Level 1:colcon.colcon_core.package_discovery:discover_packages(prefix_path) using defaults
[0.730s] Level 5:colcon.colcon_core.verb:set package 'my_robot_description' build argument 'cmake_args' from command line to 'None'
[0.730s] Level 5:colcon.colcon_core.verb:set package 'my_robot_description' build argument 'cmake_target' from command line to 'None'
[0.730s] Level 5:colcon.colcon_core.verb:set package 'my_robot_description' build argument 'cmake_target_skip_unavailable' from command line to 'False'
[0.730s] Level 5:colcon.colcon_core.verb:set package 'my_robot_description' build argument 'cmake_clean_cache' from command line to 'False'
[0.730s] Level 5:colcon.colcon_core.verb:set package 'my_robot_description' build argument 'cmake_clean_first' from command line to 'False'
[0.730s] Level 5:colcon.colcon_core.verb:set package 'my_robot_description' build argument 'cmake_force_configure' from command line to 'False'
[0.730s] Level 5:colcon.colcon_core.verb:set package 'my_robot_description' build argument 'ament_cmake_args' from command line to 'None'
[0.730s] Level 5:colcon.colcon_core.verb:set package 'my_robot_description' build argument 'catkin_cmake_args' from command line to 'None'
[0.730s] Level 5:colcon.colcon_core.verb:set package 'my_robot_description' build argument 'catkin_skip_building_tests' from command line to 'False'
[0.730s] DEBUG:colcon.colcon_core.verb:Building package 'my_robot_description' with the following arguments: {'ament_cmake_args': None, 'build_base': '/home/dev/final_trial/build/my_robot_description', 'catkin_cmake_args': None, 'catkin_skip_building_tests': False, 'cmake_args': None, 'cmake_clean_cache': False, 'cmake_clean_first': False, 'cmake_force_configure': False, 'cmake_target': None, 'cmake_target_skip_unavailable': False, 'install_base': '/home/dev/final_trial/install/my_robot_description', 'merge_install': False, 'path': '/home/dev/final_trial/src/my_robot_description', 'symlink_install': False, 'test_result_base': None}
[0.731s] Level 5:colcon.colcon_core.verb:set package 'my_robot_bringup' build argument 'cmake_args' from command line to 'None'
[0.731s] Level 5:colcon.colcon_core.verb:set package 'my_robot_bringup' build argument 'cmake_target' from command line to 'None'
[0.731s] Level 5:colcon.colcon_core.verb:set package 'my_robot_bringup' build argument 'cmake_target_skip_unavailable' from command line to 'False'
[0.731s] Level 5:colcon.colcon_core.verb:set package 'my_robot_bringup' build argument 'cmake_clean_cache' from command line to 'False'
[0.731s] Level 5:colcon.colcon_core.verb:set package 'my_robot_bringup' build argument 'cmake_clean_first' from command line to 'False'
[0.731s] Level 5:colcon.colcon_core.verb:set package 'my_robot_bringup' build argument 'cmake_force_configure' from command line to 'False'
[0.731s] Level 5:colcon.colcon_core.verb:set package 'my_robot_bringup' build argument 'ament_cmake_args' from command line to 'None'
[0.731s] Level 5:colcon.colcon_core.verb:set package 'my_robot_bringup' build argument 'catkin_cmake_args' from command line to 'None'
[0.731s] Level 5:colcon.colcon_core.verb:set package 'my_robot_bringup' build argument 'catkin_skip_building_tests' from command line to 'False'
[0.731s] DEBUG:colcon.colcon_core.verb:Building package 'my_robot_bringup' with the following arguments: {'ament_cmake_args': None, 'build_base': '/home/dev/final_trial/build/my_robot_bringup', 'catkin_cmake_args': None, 'catkin_skip_building_tests': False, 'cmake_args': None, 'cmake_clean_cache': False, 'cmake_clean_first': False, 'cmake_force_configure': False, 'cmake_target': None, 'cmake_target_skip_unavailable': False, 'install_base': '/home/dev/final_trial/install/my_robot_bringup', 'merge_install': False, 'path': '/home/dev/final_trial/src/my_robot_bringup', 'symlink_install': False, 'test_result_base': None}
[0.731s] INFO:colcon.colcon_core.executor:Executing jobs using 'parallel' executor
[0.733s] DEBUG:colcon.colcon_parallel_executor.executor.parallel:run_until_complete
[0.733s] INFO:colcon.colcon_ros.task.ament_cmake.build:Building ROS package in '/home/dev/final_trial/src/my_robot_description' with build type 'ament_cmake'
[0.733s] INFO:colcon.colcon_cmake.task.cmake.build:Building CMake package in '/home/dev/final_trial/src/my_robot_description'
[0.738s] INFO:colcon.colcon_core.plugin_system:Skipping extension 'colcon_core.shell.bat': Not used on non-Windows systems
[0.738s] INFO:colcon.colcon_core.shell:Skip shell extension 'powershell' for command environment: Not usable outside of PowerShell
[0.738s] DEBUG:colcon.colcon_core.shell:Skip shell extension 'dsv' for command environment
[0.758s] DEBUG:colcon.colcon_core.event_handler.log_command:Invoking command in '/home/dev/final_trial/build/my_robot_description': CMAKE_PREFIX_PATH=${CMAKE_PREFIX_PATH}:/opt/ros/humble /usr/bin/cmake --build /home/dev/final_trial/build/my_robot_description -- -j12 -l12
[0.846s] DEBUG:colcon.colcon_core.event_handler.log_command:Invoked command in '/home/dev/final_trial/build/my_robot_description' returned '0': CMAKE_PREFIX_PATH=${CMAKE_PREFIX_PATH}:/opt/ros/humble /usr/bin/cmake --build /home/dev/final_trial/build/my_robot_description -- -j12 -l12
[0.914s] DEBUG:colcon.colcon_core.event_handler.log_command:Invoking command in '/home/dev/final_trial/build/my_robot_description': CMAKE_PREFIX_PATH=${CMAKE_PREFIX_PATH}:/opt/ros/humble /usr/bin/cmake --install /home/dev/final_trial/build/my_robot_description
[0.934s] Level 1:colcon.colcon_core.environment:create_environment_scripts_only(my_robot_description)
[0.934s] DEBUG:colcon.colcon_core.event_handler.log_command:Invoked command in '/home/dev/final_trial/build/my_robot_description' returned '0': CMAKE_PREFIX_PATH=${CMAKE_PREFIX_PATH}:/opt/ros/humble /usr/bin/cmake --install /home/dev/final_trial/build/my_robot_description
[0.940s] Level 1:colcon.colcon_core.environment:checking '/home/dev/final_trial/install/my_robot_description' for CMake module files
[0.941s] Level 1:colcon.colcon_core.environment:checking '/home/dev/final_trial/install/my_robot_description' for CMake config files
[0.943s] Level 1:colcon.colcon_core.shell:create_environment_hook('my_robot_description', 'cmake_prefix_path')
[0.943s] INFO:colcon.colcon_core.shell:Creating environment hook '/home/dev/final_trial/install/my_robot_description/share/my_robot_description/hook/cmake_prefix_path.ps1'
[0.944s] INFO:colcon.colcon_core.shell:Creating environment descriptor '/home/dev/final_trial/install/my_robot_description/share/my_robot_description/hook/cmake_prefix_path.dsv'
[0.944s] INFO:colcon.colcon_core.shell:Creating environment hook '/home/dev/final_trial/install/my_robot_description/share/my_robot_description/hook/cmake_prefix_path.sh'
[0.946s] Level 1:colcon.colcon_core.environment:checking '/home/dev/final_trial/install/my_robot_description/bin'
[0.946s] Level 1:colcon.colcon_core.environment:checking '/home/dev/final_trial/install/my_robot_description/lib/pkgconfig/my_robot_description.pc'
[0.946s] Level 1:colcon.colcon_core.environment:checking '/home/dev/final_trial/install/my_robot_description/lib/python3.10/site-packages'
[0.946s] Level 1:colcon.colcon_core.environment:checking '/home/dev/final_trial/install/my_robot_description/bin'
[0.947s] INFO:colcon.colcon_core.shell:Creating package script '/home/dev/final_trial/install/my_robot_description/share/my_robot_description/package.ps1'
[0.948s] INFO:colcon.colcon_core.shell:Creating package descriptor '/home/dev/final_trial/install/my_robot_description/share/my_robot_description/package.dsv'
[0.948s] INFO:colcon.colcon_core.shell:Creating package script '/home/dev/final_trial/install/my_robot_description/share/my_robot_description/package.sh'
[0.949s] INFO:colcon.colcon_core.shell:Creating package script '/home/dev/final_trial/install/my_robot_description/share/my_robot_description/package.bash'
[0.950s] INFO:colcon.colcon_core.shell:Creating package script '/home/dev/final_trial/install/my_robot_description/share/my_robot_description/package.zsh'
[0.951s] Level 1:colcon.colcon_core.environment:create_file_with_runtime_dependencies(/home/dev/final_trial/install/my_robot_description/share/colcon-core/packages/my_robot_description)
[1.001s] Level 1:colcon.colcon_core.environment:create_environment_scripts_only(my_robot_description)
[1.001s] Level 1:colcon.colcon_core.environment:checking '/home/dev/final_trial/install/my_robot_description' for CMake module files
[1.002s] Level 1:colcon.colcon_core.environment:checking '/home/dev/final_trial/install/my_robot_description' for CMake config files
[1.003s] Level 1:colcon.colcon_core.shell:create_environment_hook('my_robot_description', 'cmake_prefix_path')
[1.003s] INFO:colcon.colcon_core.shell:Creating environment hook '/home/dev/final_trial/install/my_robot_description/share/my_robot_description/hook/cmake_prefix_path.ps1'
[1.004s] INFO:colcon.colcon_core.shell:Creating environment descriptor '/home/dev/final_trial/install/my_robot_description/share/my_robot_description/hook/cmake_prefix_path.dsv'
[1.004s] INFO:colcon.colcon_core.shell:Creating environment hook '/home/dev/final_trial/install/my_robot_description/share/my_robot_description/hook/cmake_prefix_path.sh'
[1.005s] Level 1:colcon.colcon_core.environment:checking '/home/dev/final_trial/install/my_robot_description/bin'
[1.005s] Level 1:colcon.colcon_core.environment:checking '/home/dev/final_trial/install/my_robot_description/lib/pkgconfig/my_robot_description.pc'
[1.005s] Level 1:colcon.colcon_core.environment:checking '/home/dev/final_trial/install/my_robot_description/lib/python3.10/site-packages'
[1.005s] Level 1:colcon.colcon_core.environment:checking '/home/dev/final_trial/install/my_robot_description/bin'
[1.006s] INFO:colcon.colcon_core.shell:Creating package script '/home/dev/final_trial/install/my_robot_description/share/my_robot_description/package.ps1'
[1.006s] INFO:colcon.colcon_core.shell:Creating package descriptor '/home/dev/final_trial/install/my_robot_description/share/my_robot_description/package.dsv'
[1.007s] INFO:colcon.colcon_core.shell:Creating package script '/home/dev/final_trial/install/my_robot_description/share/my_robot_description/package.sh'
[1.007s] INFO:colcon.colcon_core.shell:Creating package script '/home/dev/final_trial/install/my_robot_description/share/my_robot_description/package.bash'
[1.008s] INFO:colcon.colcon_core.shell:Creating package script '/home/dev/final_trial/install/my_robot_description/share/my_robot_description/package.zsh'
[1.008s] Level 1:colcon.colcon_core.environment:create_file_with_runtime_dependencies(/home/dev/final_trial/install/my_robot_description/share/colcon-core/packages/my_robot_description)
[1.009s] INFO:colcon.colcon_ros.task.ament_cmake.build:Building ROS package in '/home/dev/final_trial/src/my_robot_bringup' with build type 'ament_cmake'
[1.009s] INFO:colcon.colcon_cmake.task.cmake.build:Building CMake package in '/home/dev/final_trial/src/my_robot_bringup'
[1.009s] INFO:colcon.colcon_core.shell:Skip shell extension 'powershell' for command environment: Not usable outside of PowerShell
[1.009s] DEBUG:colcon.colcon_core.shell:Skip shell extension 'dsv' for command environment
[1.028s] DEBUG:colcon.colcon_core.event_handler.log_command:Invoking command in '/home/dev/final_trial/build/my_robot_bringup': CMAKE_PREFIX_PATH=/home/dev/final_trial/install/my_robot_description:/home/dev/final_trial/install/my_robot_bringup:/home/dev/trial_ws/install/bot_desription:/opt/ros/humble /usr/bin/cmake --build /home/dev/final_trial/build/my_robot_bringup -- -j12 -l12
[1.130s] DEBUG:colcon.colcon_core.event_handler.log_command:Invoked command in '/home/dev/final_trial/build/my_robot_bringup' returned '0': CMAKE_PREFIX_PATH=/home/dev/final_trial/install/my_robot_description:/home/dev/final_trial/install/my_robot_bringup:/home/dev/trial_ws/install/bot_desription:/opt/ros/humble /usr/bin/cmake --build /home/dev/final_trial/build/my_robot_bringup -- -j12 -l12
[1.185s] DEBUG:colcon.colcon_core.event_handler.log_command:Invoking command in '/home/dev/final_trial/build/my_robot_bringup': CMAKE_PREFIX_PATH=/home/dev/final_trial/install/my_robot_description:/home/dev/final_trial/install/my_robot_bringup:/home/dev/trial_ws/install/bot_desription:/opt/ros/humble /usr/bin/cmake --install /home/dev/final_trial/build/my_robot_bringup
[1.214s] Level 1:colcon.colcon_core.environment:create_environment_scripts_only(my_robot_bringup)
[1.215s] Level 1:colcon.colcon_core.environment:checking '/home/dev/final_trial/install/my_robot_bringup' for CMake module files
[1.216s] DEBUG:colcon.colcon_core.event_handler.log_command:Invoked command in '/home/dev/final_trial/build/my_robot_bringup' returned '0': CMAKE_PREFIX_PATH=/home/dev/final_trial/install/my_robot_description:/home/dev/final_trial/install/my_robot_bringup:/home/dev/trial_ws/install/bot_desription:/opt/ros/humble /usr/bin/cmake --install /home/dev/final_trial/build/my_robot_bringup
[1.217s] Level 1:colcon.colcon_core.environment:checking '/home/dev/final_trial/install/my_robot_bringup' for CMake config files
[1.217s] Level 1:colcon.colcon_core.shell:create_environment_hook('my_robot_bringup', 'cmake_prefix_path')
[1.218s] INFO:colcon.colcon_core.shell:Creating environment hook '/home/dev/final_trial/install/my_robot_bringup/share/my_robot_bringup/hook/cmake_prefix_path.ps1'
[1.219s] INFO:colcon.colcon_core.shell:Creating environment descriptor '/home/dev/final_trial/install/my_robot_bringup/share/my_robot_bringup/hook/cmake_prefix_path.dsv'
[1.219s] INFO:colcon.colcon_core.shell:Creating environment hook '/home/dev/final_trial/install/my_robot_bringup/share/my_robot_bringup/hook/cmake_prefix_path.sh'
[1.220s] Level 1:colcon.colcon_core.environment:checking '/home/dev/final_trial/install/my_robot_bringup/bin'
[1.221s] Level 1:colcon.colcon_core.environment:checking '/home/dev/final_trial/install/my_robot_bringup/lib/pkgconfig/my_robot_bringup.pc'
[1.221s] Level 1:colcon.colcon_core.environment:checking '/home/dev/final_trial/install/my_robot_bringup/lib/python3.10/site-packages'
[1.222s] Level 1:colcon.colcon_core.environment:checking '/home/dev/final_trial/install/my_robot_bringup/bin'
[1.222s] INFO:colcon.colcon_core.shell:Creating package script '/home/dev/final_trial/install/my_robot_bringup/share/my_robot_bringup/package.ps1'
[1.223s] INFO:colcon.colcon_core.shell:Creating package descriptor '/home/dev/final_trial/install/my_robot_bringup/share/my_robot_bringup/package.dsv'
[1.224s] INFO:colcon.colcon_core.shell:Creating package script '/home/dev/final_trial/install/my_robot_bringup/share/my_robot_bringup/package.sh'
[1.225s] INFO:colcon.colcon_core.shell:Creating package script '/home/dev/final_trial/install/my_robot_bringup/share/my_robot_bringup/package.bash'
[1.225s] INFO:colcon.colcon_core.shell:Creating package script '/home/dev/final_trial/install/my_robot_bringup/share/my_robot_bringup/package.zsh'
[1.226s] Level 1:colcon.colcon_core.environment:create_file_with_runtime_dependencies(/home/dev/final_trial/install/my_robot_bringup/share/colcon-core/packages/my_robot_bringup)
[1.282s] Level 1:colcon.colcon_core.environment:create_environment_scripts_only(my_robot_bringup)
[1.282s] Level 1:colcon.colcon_core.environment:checking '/home/dev/final_trial/install/my_robot_bringup' for CMake module files
[1.283s] Level 1:colcon.colcon_core.environment:checking '/home/dev/final_trial/install/my_robot_bringup' for CMake config files
[1.283s] Level 1:colcon.colcon_core.shell:create_environment_hook('my_robot_bringup', 'cmake_prefix_path')
[1.284s] INFO:colcon.colcon_core.shell:Creating environment hook '/home/dev/final_trial/install/my_robot_bringup/share/my_robot_bringup/hook/cmake_prefix_path.ps1'
[1.284s] INFO:colcon.colcon_core.shell:Creating environment descriptor '/home/dev/final_trial/install/my_robot_bringup/share/my_robot_bringup/hook/cmake_prefix_path.dsv'
[1.285s] INFO:colcon.colcon_core.shell:Creating environment hook '/home/dev/final_trial/install/my_robot_bringup/share/my_robot_bringup/hook/cmake_prefix_path.sh'
[1.285s] Level 1:colcon.colcon_core.environment:checking '/home/dev/final_trial/install/my_robot_bringup/bin'
[1.285s] Level 1:colcon.colcon_core.environment:checking '/home/dev/final_trial/install/my_robot_bringup/lib/pkgconfig/my_robot_bringup.pc'
[1.286s] Level 1:colcon.colcon_core.environment:checking '/home/dev/final_trial/install/my_robot_bringup/lib/python3.10/site-packages'
[1.286s] Level 1:colcon.colcon_core.environment:checking '/home/dev/final_trial/install/my_robot_bringup/bin'
[1.286s] INFO:colcon.colcon_core.shell:Creating package script '/home/dev/final_trial/install/my_robot_bringup/share/my_robot_bringup/package.ps1'
[1.287s] INFO:colcon.colcon_core.shell:Creating package descriptor '/home/dev/final_trial/install/my_robot_bringup/share/my_robot_bringup/package.dsv'
[1.287s] INFO:colcon.colcon_core.shell:Creating package script '/home/dev/final_trial/install/my_robot_bringup/share/my_robot_bringup/package.sh'
[1.288s] INFO:colcon.colcon_core.shell:Creating package script '/home/dev/final_trial/install/my_robot_bringup/share/my_robot_bringup/package.bash'
[1.288s] INFO:colcon.colcon_core.shell:Creating package script '/home/dev/final_trial/install/my_robot_bringup/share/my_robot_bringup/package.zsh'
[1.289s] Level 1:colcon.colcon_core.environment:create_file_with_runtime_dependencies(/home/dev/final_trial/install/my_robot_bringup/share/colcon-core/packages/my_robot_bringup)
[1.289s] DEBUG:colcon.colcon_parallel_executor.executor.parallel:closing loop
[1.289s] DEBUG:colcon.colcon_parallel_executor.executor.parallel:loop closed
[1.289s] DEBUG:colcon.colcon_parallel_executor.executor.parallel:run_until_complete finished with '0'
[1.289s] DEBUG:colcon.colcon_core.event_reactor:joining thread
[1.303s] INFO:colcon.colcon_core.plugin_system:Skipping extension 'colcon_notification.desktop_notification.terminal_notifier': Not used on non-Darwin systems
[1.303s] INFO:colcon.colcon_core.plugin_system:Skipping extension 'colcon_notification.desktop_notification.win32': Not used on non-Windows systems
[1.303s] INFO:colcon.colcon_notification.desktop_notification:Sending desktop notification using 'notify2'
[1.339s] DEBUG:colcon.colcon_core.event_reactor:joined thread
[1.340s] INFO:colcon.colcon_core.shell:Creating prefix script '/home/dev/final_trial/install/local_setup.ps1'
[1.342s] INFO:colcon.colcon_core.shell:Creating prefix util module '/home/dev/final_trial/install/_local_setup_util_ps1.py'
[1.344s] INFO:colcon.colcon_core.shell:Creating prefix chain script '/home/dev/final_trial/install/setup.ps1'
[1.346s] INFO:colcon.colcon_core.shell:Creating prefix script '/home/dev/final_trial/install/local_setup.sh'
[1.346s] INFO:colcon.colcon_core.shell:Creating prefix util module '/home/dev/final_trial/install/_local_setup_util_sh.py'
[1.347s] INFO:colcon.colcon_core.shell:Creating prefix chain script '/home/dev/final_trial/install/setup.sh'
[1.349s] INFO:colcon.colcon_core.shell:Creating prefix script '/home/dev/final_trial/install/local_setup.bash'
[1.349s] INFO:colcon.colcon_core.shell:Creating prefix chain script '/home/dev/final_trial/install/setup.bash'
[1.352s] INFO:colcon.colcon_core.shell:Creating prefix script '/home/dev/final_trial/install/local_setup.zsh'
[1.353s] INFO:colcon.colcon_core.shell:Creating prefix chain script '/home/dev/final_trial/install/setup.zsh'
